{"/usr/app/app.js": {"path":"/usr/app/app.js","statementMap":{"0":{"start":{"line":4,"column":12},"end":{"line":4,"column":26}},"1":{"start":{"line":5,"column":16},"end":{"line":5,"column":35}},"2":{"start":{"line":6,"column":13},"end":{"line":6,"column":33}},"3":{"start":{"line":7,"column":11},"end":{"line":7,"column":30}},"4":{"start":{"line":8,"column":0},"end":{"line":8,"column":27}},"5":{"start":{"line":9,"column":20},"end":{"line":9,"column":43}},"6":{"start":{"line":10,"column":22},"end":{"line":10,"column":42}},"7":{"start":{"line":11,"column":19},"end":{"line":11,"column":41}},"8":{"start":{"line":12,"column":17},"end":{"line":12,"column":40}},"9":{"start":{"line":13,"column":19},"end":{"line":13,"column":44}},"10":{"start":{"line":14,"column":16},"end":{"line":14,"column":38}},"11":{"start":{"line":16,"column":12},"end":{"line":16,"column":21}},"12":{"start":{"line":17,"column":0},"end":{"line":17,"column":20}},"13":{"start":{"line":19,"column":0},"end":{"line":19,"column":19}},"14":{"start":{"line":20,"column":0},"end":{"line":20,"column":16}},"15":{"start":{"line":23,"column":0},"end":{"line":23,"column":22}},"16":{"start":{"line":26,"column":0},"end":{"line":26,"column":22}},"17":{"start":{"line":29,"column":13},"end":{"line":29,"column":15}},"18":{"start":{"line":30,"column":0},"end":{"line":30,"column":63}},"19":{"start":{"line":31,"column":0},"end":{"line":31,"column":42}},"20":{"start":{"line":33,"column":0},"end":{"line":39,"column":2}},"21":{"start":{"line":35,"column":2},"end":{"line":37,"column":40}},"22":{"start":{"line":36,"column":19},"end":{"line":36,"column":43}},"23":{"start":{"line":37,"column":19},"end":{"line":37,"column":36}},"24":{"start":{"line":41,"column":0},"end":{"line":41,"column":31}},"25":{"start":{"line":44,"column":12},"end":{"line":44,"column":37}},"26":{"start":{"line":45,"column":15},"end":{"line":45,"column":43}},"27":{"start":{"line":46,"column":11},"end":{"line":46,"column":36}},"28":{"start":{"line":47,"column":13},"end":{"line":47,"column":40}},"29":{"start":{"line":48,"column":15},"end":{"line":48,"column":43}},"30":{"start":{"line":51,"column":0},"end":{"line":51,"column":24}},"31":{"start":{"line":52,"column":0},"end":{"line":52,"column":27}},"32":{"start":{"line":53,"column":0},"end":{"line":53,"column":23}},"33":{"start":{"line":54,"column":0},"end":{"line":54,"column":25}},"34":{"start":{"line":55,"column":0},"end":{"line":55,"column":27}},"35":{"start":{"line":57,"column":0},"end":{"line":57,"column":21}}},"fnMap":{"0":{"name":"(anonymous_0)","decl":{"start":{"line":34,"column":23},"end":{"line":34,"column":24}},"loc":{"start":{"line":34,"column":51},"end":{"line":38,"column":2}},"line":34},"1":{"name":"(anonymous_1)","decl":{"start":{"line":36,"column":9},"end":{"line":36,"column":10}},"loc":{"start":{"line":36,"column":17},"end":{"line":36,"column":45}},"line":36},"2":{"name":"(anonymous_2)","decl":{"start":{"line":37,"column":10},"end":{"line":37,"column":11}},"loc":{"start":{"line":37,"column":17},"end":{"line":37,"column":38}},"line":37}},"branchMap":{},"s":{"0":9,"1":9,"2":9,"3":9,"4":9,"5":9,"6":9,"7":9,"8":9,"9":9,"10":9,"11":9,"12":9,"13":9,"14":9,"15":9,"16":9,"17":9,"18":9,"19":9,"20":9,"21":43,"22":43,"23":0,"24":9,"25":9,"26":9,"27":9,"28":9,"29":9,"30":9,"31":9,"32":9,"33":9,"34":9,"35":9},"f":{"0":43,"1":43,"2":0},"b":{},"_coverageSchema":"1a1c01bbd47fc00a2c39e90264f33305004495a9","hash":"e2eeb31be03f3799c5252bcf44a8fd0f22740a25"}
,"/usr/app/config/config.js": {"path":"/usr/app/config/config.js","statementMap":{"0":{"start":{"line":2,"column":15},"end":{"line":28,"column":1}},"1":{"start":{"line":30,"column":0},"end":{"line":35,"column":3}},"2":{"start":{"line":31,"column":21},"end":{"line":31,"column":38}},"3":{"start":{"line":32,"column":1},"end":{"line":34,"column":2}},"4":{"start":{"line":33,"column":2},"end":{"line":33,"column":72}},"5":{"start":{"line":37,"column":0},"end":{"line":37,"column":24}}},"fnMap":{"0":{"name":"(anonymous_0)","decl":{"start":{"line":30,"column":28},"end":{"line":30,"column":29}},"loc":{"start":{"line":30,"column":43},"end":{"line":35,"column":1}},"line":30}},"branchMap":{"0":{"loc":{"start":{"line":6,"column":11},"end":{"line":6,"column":47}},"type":"binary-expr","locations":[{"start":{"line":6,"column":11},"end":{"line":6,"column":33}},{"start":{"line":6,"column":37},"end":{"line":6,"column":47}}],"line":6},"1":{"loc":{"start":{"line":8,"column":8},"end":{"line":8,"column":42}},"type":"binary-expr","locations":[{"start":{"line":8,"column":8},"end":{"line":8,"column":27}},{"start":{"line":8,"column":31},"end":{"line":8,"column":42}}],"line":8},"2":{"loc":{"start":{"line":13,"column":12},"end":{"line":13,"column":40}},"type":"binary-expr","locations":[{"start":{"line":13,"column":12},"end":{"line":13,"column":31}},{"start":{"line":13,"column":35},"end":{"line":13,"column":40}}],"line":13},"3":{"loc":{"start":{"line":32,"column":1},"end":{"line":34,"column":2}},"type":"if","locations":[{"start":{"line":32,"column":1},"end":{"line":34,"column":2}},{"start":{},"end":{}}],"line":32}},"s":{"0":9,"1":9,"2":36,"3":36,"4":27,"5":9},"f":{"0":36},"b":{"0":[9,9],"1":[9,0],"2":[9,0],"3":[27,9]},"_coverageSchema":"1a1c01bbd47fc00a2c39e90264f33305004495a9","hash":"2166f4710b7b4dc2501ac56e76256f6523026d12"}
,"/usr/app/models/funding.js": {"path":"/usr/app/models/funding.js","statementMap":{"0":{"start":{"line":4,"column":4},"end":{"line":4,"column":24}},"1":{"start":{"line":5,"column":0},"end":{"line":30,"column":2}},"2":{"start":{"line":13,"column":3},"end":{"line":15,"column":6}},"3":{"start":{"line":16,"column":3},"end":{"line":18,"column":6}},"4":{"start":{"line":21,"column":1},"end":{"line":28,"column":4}},"5":{"start":{"line":29,"column":1},"end":{"line":29,"column":16}}},"fnMap":{"0":{"name":"(anonymous_0)","decl":{"start":{"line":5,"column":17},"end":{"line":5,"column":18}},"loc":{"start":{"line":5,"column":43},"end":{"line":30,"column":1}},"line":5},"1":{"name":"(anonymous_1)","decl":{"start":{"line":12,"column":2},"end":{"line":12,"column":3}},"loc":{"start":{"line":12,"column":27},"end":{"line":19,"column":3}},"line":12}},"branchMap":{},"s":{"0":9,"1":9,"2":9,"3":9,"4":9,"5":9},"f":{"0":9,"1":9},"b":{},"_coverageSchema":"1a1c01bbd47fc00a2c39e90264f33305004495a9","hash":"93ab0a0c174639d0c35808e06d659d08ff741a5c"}
,"/usr/app/models/index.js": {"path":"/usr/app/models/index.js","statementMap":{"0":{"start":{"line":4,"column":11},"end":{"line":4,"column":24}},"1":{"start":{"line":5,"column":13},"end":{"line":5,"column":28}},"2":{"start":{"line":6,"column":18},"end":{"line":6,"column":38}},"3":{"start":{"line":7,"column":17},"end":{"line":7,"column":42}},"4":{"start":{"line":8,"column":12},"end":{"line":8,"column":49}},"5":{"start":{"line":9,"column":15},"end":{"line":9,"column":63}},"6":{"start":{"line":10,"column":11},"end":{"line":10,"column":13}},"7":{"start":{"line":13,"column":0},"end":{"line":17,"column":1}},"8":{"start":{"line":14,"column":1},"end":{"line":14,"column":73}},"9":{"start":{"line":16,"column":1},"end":{"line":16,"column":86}},"10":{"start":{"line":19,"column":0},"end":{"line":27,"column":4}},"11":{"start":{"line":22,"column":2},"end":{"line":22,"column":88}},"12":{"start":{"line":25,"column":16},"end":{"line":25,"column":83}},"13":{"start":{"line":26,"column":2},"end":{"line":26,"column":25}},"14":{"start":{"line":29,"column":0},"end":{"line":33,"column":3}},"15":{"start":{"line":30,"column":1},"end":{"line":32,"column":2}},"16":{"start":{"line":31,"column":2},"end":{"line":31,"column":30}},"17":{"start":{"line":35,"column":0},"end":{"line":35,"column":25}},"18":{"start":{"line":36,"column":0},"end":{"line":36,"column":25}},"19":{"start":{"line":38,"column":0},"end":{"line":38,"column":20}}},"fnMap":{"0":{"name":"(anonymous_0)","decl":{"start":{"line":21,"column":9},"end":{"line":21,"column":10}},"loc":{"start":{"line":21,"column":17},"end":{"line":23,"column":2}},"line":21},"1":{"name":"(anonymous_1)","decl":{"start":{"line":24,"column":10},"end":{"line":24,"column":11}},"loc":{"start":{"line":24,"column":18},"end":{"line":27,"column":2}},"line":24},"2":{"name":"(anonymous_2)","decl":{"start":{"line":29,"column":24},"end":{"line":29,"column":25}},"loc":{"start":{"line":29,"column":37},"end":{"line":33,"column":1}},"line":29}},"branchMap":{"0":{"loc":{"start":{"line":8,"column":12},"end":{"line":8,"column":49}},"type":"binary-expr","locations":[{"start":{"line":8,"column":12},"end":{"line":8,"column":32}},{"start":{"line":8,"column":36},"end":{"line":8,"column":49}}],"line":8},"1":{"loc":{"start":{"line":13,"column":0},"end":{"line":17,"column":1}},"type":"if","locations":[{"start":{"line":13,"column":0},"end":{"line":17,"column":1}},{"start":{"line":15,"column":7},"end":{"line":17,"column":1}}],"line":13},"2":{"loc":{"start":{"line":22,"column":9},"end":{"line":22,"column":87}},"type":"binary-expr","locations":[{"start":{"line":22,"column":10},"end":{"line":22,"column":33}},{"start":{"line":22,"column":39},"end":{"line":22,"column":56}},{"start":{"line":22,"column":62},"end":{"line":22,"column":86}}],"line":22},"3":{"loc":{"start":{"line":30,"column":1},"end":{"line":32,"column":2}},"type":"if","locations":[{"start":{"line":30,"column":1},"end":{"line":32,"column":2}},{"start":{},"end":{}}],"line":30}},"s":{"0":9,"1":9,"2":9,"3":9,"4":9,"5":9,"6":9,"7":9,"8":0,"9":9,"10":9,"11":54,"12":36,"13":36,"14":9,"15":36,"16":36,"17":9,"18":9,"19":9},"f":{"0":54,"1":36,"2":36},"b":{"0":[9,0],"1":[0,9],"2":[54,54,45],"3":[36,0]},"_coverageSchema":"1a1c01bbd47fc00a2c39e90264f33305004495a9","hash":"16a11ea65f4c56677b28c31a3cc15b73bea72567"}
,"/usr/app/models/project.js": {"path":"/usr/app/models/project.js","statementMap":{"0":{"start":{"line":4,"column":4},"end":{"line":4,"column":24}},"1":{"start":{"line":5,"column":0},"end":{"line":73,"column":2}},"2":{"start":{"line":15,"column":3},"end":{"line":17,"column":6}},"3":{"start":{"line":18,"column":3},"end":{"line":20,"column":6}},"4":{"start":{"line":21,"column":3},"end":{"line":23,"column":6}},"5":{"start":{"line":26,"column":1},"end":{"line":71,"column":4}},"6":{"start":{"line":72,"column":1},"end":{"line":72,"column":16}}},"fnMap":{"0":{"name":"(anonymous_0)","decl":{"start":{"line":5,"column":17},"end":{"line":5,"column":18}},"loc":{"start":{"line":5,"column":43},"end":{"line":73,"column":1}},"line":5},"1":{"name":"(anonymous_1)","decl":{"start":{"line":13,"column":2},"end":{"line":13,"column":3}},"loc":{"start":{"line":13,"column":27},"end":{"line":24,"column":3}},"line":13}},"branchMap":{},"s":{"0":9,"1":9,"2":9,"3":9,"4":9,"5":9,"6":9},"f":{"0":9,"1":9},"b":{},"_coverageSchema":"1a1c01bbd47fc00a2c39e90264f33305004495a9","hash":"8b642feaadf5671ea2b05d586af2bd5af78d224e"}
,"/usr/app/models/reports.js": {"path":"/usr/app/models/reports.js","statementMap":{"0":{"start":{"line":4,"column":4},"end":{"line":4,"column":24}},"1":{"start":{"line":5,"column":0},"end":{"line":39,"column":2}},"2":{"start":{"line":14,"column":3},"end":{"line":17,"column":6}},"3":{"start":{"line":20,"column":1},"end":{"line":37,"column":4}},"4":{"start":{"line":38,"column":1},"end":{"line":38,"column":16}}},"fnMap":{"0":{"name":"(anonymous_0)","decl":{"start":{"line":5,"column":17},"end":{"line":5,"column":18}},"loc":{"start":{"line":5,"column":43},"end":{"line":39,"column":1}},"line":5},"1":{"name":"(anonymous_1)","decl":{"start":{"line":12,"column":2},"end":{"line":12,"column":3}},"loc":{"start":{"line":12,"column":27},"end":{"line":18,"column":3}},"line":12}},"branchMap":{},"s":{"0":9,"1":9,"2":9,"3":9,"4":9},"f":{"0":9,"1":9},"b":{},"_coverageSchema":"1a1c01bbd47fc00a2c39e90264f33305004495a9","hash":"c48391b62e20e941ab41e70b3d721c86da5ea986"}
,"/usr/app/models/user.js": {"path":"/usr/app/models/user.js","statementMap":{"0":{"start":{"line":4,"column":4},"end":{"line":4,"column":24}},"1":{"start":{"line":5,"column":0},"end":{"line":58,"column":2}},"2":{"start":{"line":15,"column":3},"end":{"line":17,"column":6}},"3":{"start":{"line":18,"column":3},"end":{"line":20,"column":6}},"4":{"start":{"line":23,"column":1},"end":{"line":56,"column":4}},"5":{"start":{"line":57,"column":1},"end":{"line":57,"column":13}}},"fnMap":{"0":{"name":"(anonymous_0)","decl":{"start":{"line":5,"column":17},"end":{"line":5,"column":18}},"loc":{"start":{"line":5,"column":43},"end":{"line":58,"column":1}},"line":5},"1":{"name":"(anonymous_1)","decl":{"start":{"line":13,"column":2},"end":{"line":13,"column":3}},"loc":{"start":{"line":13,"column":27},"end":{"line":21,"column":3}},"line":13}},"branchMap":{},"s":{"0":9,"1":9,"2":9,"3":9,"4":9,"5":9},"f":{"0":9,"1":9},"b":{},"_coverageSchema":"1a1c01bbd47fc00a2c39e90264f33305004495a9","hash":"e433d0ca30ac270e60b3b696ca31e288c50712ba"}
,"/usr/app/routes/fundings.js": {"path":"/usr/app/routes/fundings.js","statementMap":{"0":{"start":{"line":1,"column":15},"end":{"line":1,"column":36}},"1":{"start":{"line":2,"column":17},"end":{"line":2,"column":40}},"2":{"start":{"line":4,"column":15},"end":{"line":6,"column":2}},"3":{"start":{"line":9,"column":0},"end":{"line":21,"column":3}},"4":{"start":{"line":10,"column":1},"end":{"line":20,"column":2}},"5":{"start":{"line":11,"column":19},"end":{"line":11,"column":49}},"6":{"start":{"line":12,"column":2},"end":{"line":17,"column":3}},"7":{"start":{"line":13,"column":3},"end":{"line":13,"column":53}},"8":{"start":{"line":15,"column":3},"end":{"line":15,"column":23}},"9":{"start":{"line":16,"column":3},"end":{"line":16,"column":10}},"10":{"start":{"line":19,"column":2},"end":{"line":19,"column":39}},"11":{"start":{"line":24,"column":0},"end":{"line":38,"column":3}},"12":{"start":{"line":25,"column":1},"end":{"line":37,"column":2}},"13":{"start":{"line":26,"column":18},"end":{"line":26,"column":80}},"14":{"start":{"line":27,"column":2},"end":{"line":34,"column":3}},"15":{"start":{"line":28,"column":3},"end":{"line":28,"column":17}},"16":{"start":{"line":29,"column":3},"end":{"line":29,"column":75}},"17":{"start":{"line":30,"column":3},"end":{"line":30,"column":10}},"18":{"start":{"line":32,"column":3},"end":{"line":32,"column":24}},"19":{"start":{"line":33,"column":3},"end":{"line":33,"column":10}},"20":{"start":{"line":36,"column":2},"end":{"line":36,"column":39}},"21":{"start":{"line":41,"column":0},"end":{"line":53,"column":3}},"22":{"start":{"line":42,"column":1},"end":{"line":52,"column":2}},"23":{"start":{"line":43,"column":23},"end":{"line":43,"column":88}},"24":{"start":{"line":44,"column":2},"end":{"line":49,"column":3}},"25":{"start":{"line":45,"column":3},"end":{"line":45,"column":81}},"26":{"start":{"line":47,"column":3},"end":{"line":47,"column":29}},"27":{"start":{"line":48,"column":3},"end":{"line":48,"column":10}},"28":{"start":{"line":51,"column":2},"end":{"line":51,"column":39}},"29":{"start":{"line":56,"column":0},"end":{"line":68,"column":3}},"30":{"start":{"line":57,"column":1},"end":{"line":67,"column":2}},"31":{"start":{"line":58,"column":26},"end":{"line":58,"column":84}},"32":{"start":{"line":59,"column":2},"end":{"line":64,"column":3}},"33":{"start":{"line":60,"column":3},"end":{"line":60,"column":68}},"34":{"start":{"line":62,"column":3},"end":{"line":62,"column":35}},"35":{"start":{"line":63,"column":3},"end":{"line":63,"column":10}},"36":{"start":{"line":66,"column":2},"end":{"line":66,"column":39}},"37":{"start":{"line":71,"column":0},"end":{"line":104,"column":3}},"38":{"start":{"line":72,"column":1},"end":{"line":103,"column":2}},"39":{"start":{"line":73,"column":15},"end":{"line":73,"column":31}},"40":{"start":{"line":74,"column":13},"end":{"line":74,"column":66}},"41":{"start":{"line":75,"column":16},"end":{"line":75,"column":75}},"42":{"start":{"line":76,"column":2},"end":{"line":78,"column":3}},"43":{"start":{"line":77,"column":3},"end":{"line":77,"column":116}},"44":{"start":{"line":79,"column":2},"end":{"line":81,"column":3}},"45":{"start":{"line":80,"column":3},"end":{"line":80,"column":118}},"46":{"start":{"line":82,"column":2},"end":{"line":84,"column":3}},"47":{"start":{"line":83,"column":3},"end":{"line":83,"column":87}},"48":{"start":{"line":85,"column":2},"end":{"line":87,"column":3}},"49":{"start":{"line":86,"column":3},"end":{"line":86,"column":64}},"50":{"start":{"line":88,"column":2},"end":{"line":91,"column":5}},"51":{"start":{"line":92,"column":2},"end":{"line":95,"column":5}},"52":{"start":{"line":96,"column":22},"end":{"line":96,"column":66}},"53":{"start":{"line":97,"column":2},"end":{"line":97,"column":27}},"54":{"start":{"line":98,"column":2},"end":{"line":98,"column":25}},"55":{"start":{"line":99,"column":2},"end":{"line":99,"column":28}},"56":{"start":{"line":100,"column":2},"end":{"line":100,"column":36}},"57":{"start":{"line":102,"column":2},"end":{"line":102,"column":73}},"58":{"start":{"line":107,"column":0},"end":{"line":119,"column":3}},"59":{"start":{"line":108,"column":1},"end":{"line":118,"column":2}},"60":{"start":{"line":109,"column":18},"end":{"line":109,"column":76}},"61":{"start":{"line":110,"column":2},"end":{"line":115,"column":3}},"62":{"start":{"line":111,"column":3},"end":{"line":111,"column":29}},"63":{"start":{"line":112,"column":3},"end":{"line":112,"column":49}},"64":{"start":{"line":114,"column":3},"end":{"line":114,"column":40}},"65":{"start":{"line":117,"column":2},"end":{"line":117,"column":39}},"66":{"start":{"line":122,"column":0},"end":{"line":135,"column":3}},"67":{"start":{"line":123,"column":1},"end":{"line":134,"column":2}},"68":{"start":{"line":124,"column":13},"end":{"line":124,"column":29}},"69":{"start":{"line":125,"column":17},"end":{"line":125,"column":80}},"70":{"start":{"line":126,"column":2},"end":{"line":131,"column":3}},"71":{"start":{"line":127,"column":3},"end":{"line":127,"column":29}},"72":{"start":{"line":128,"column":3},"end":{"line":128,"column":32}},"73":{"start":{"line":130,"column":3},"end":{"line":130,"column":62}},"74":{"start":{"line":133,"column":2},"end":{"line":133,"column":39}},"75":{"start":{"line":137,"column":0},"end":{"line":137,"column":24}}},"fnMap":{"0":{"name":"(anonymous_0)","decl":{"start":{"line":9,"column":65},"end":{"line":9,"column":66}},"loc":{"start":{"line":9,"column":86},"end":{"line":21,"column":1}},"line":9},"1":{"name":"(anonymous_1)","decl":{"start":{"line":24,"column":82},"end":{"line":24,"column":83}},"loc":{"start":{"line":24,"column":103},"end":{"line":38,"column":1}},"line":24},"2":{"name":"(anonymous_2)","decl":{"start":{"line":41,"column":77},"end":{"line":41,"column":78}},"loc":{"start":{"line":41,"column":98},"end":{"line":53,"column":1}},"line":41},"3":{"name":"(anonymous_3)","decl":{"start":{"line":56,"column":69},"end":{"line":56,"column":70}},"loc":{"start":{"line":56,"column":90},"end":{"line":68,"column":1}},"line":56},"4":{"name":"(anonymous_4)","decl":{"start":{"line":71,"column":70},"end":{"line":71,"column":71}},"loc":{"start":{"line":71,"column":85},"end":{"line":104,"column":1}},"line":71},"5":{"name":"(anonymous_5)","decl":{"start":{"line":107,"column":79},"end":{"line":107,"column":80}},"loc":{"start":{"line":107,"column":94},"end":{"line":119,"column":1}},"line":107},"6":{"name":"(anonymous_6)","decl":{"start":{"line":122,"column":69},"end":{"line":122,"column":70}},"loc":{"start":{"line":122,"column":84},"end":{"line":135,"column":1}},"line":122}},"branchMap":{"0":{"loc":{"start":{"line":12,"column":2},"end":{"line":17,"column":3}},"type":"if","locations":[{"start":{"line":12,"column":2},"end":{"line":17,"column":3}},{"start":{"line":14,"column":9},"end":{"line":17,"column":3}}],"line":12},"1":{"loc":{"start":{"line":27,"column":2},"end":{"line":34,"column":3}},"type":"if","locations":[{"start":{"line":27,"column":2},"end":{"line":34,"column":3}},{"start":{"line":31,"column":9},"end":{"line":34,"column":3}}],"line":27},"2":{"loc":{"start":{"line":44,"column":2},"end":{"line":49,"column":3}},"type":"if","locations":[{"start":{"line":44,"column":2},"end":{"line":49,"column":3}},{"start":{"line":46,"column":9},"end":{"line":49,"column":3}}],"line":44},"3":{"loc":{"start":{"line":59,"column":2},"end":{"line":64,"column":3}},"type":"if","locations":[{"start":{"line":59,"column":2},"end":{"line":64,"column":3}},{"start":{"line":61,"column":9},"end":{"line":64,"column":3}}],"line":59},"4":{"loc":{"start":{"line":76,"column":2},"end":{"line":78,"column":3}},"type":"if","locations":[{"start":{"line":76,"column":2},"end":{"line":78,"column":3}},{"start":{},"end":{}}],"line":76},"5":{"loc":{"start":{"line":79,"column":2},"end":{"line":81,"column":3}},"type":"if","locations":[{"start":{"line":79,"column":2},"end":{"line":81,"column":3}},{"start":{},"end":{}}],"line":79},"6":{"loc":{"start":{"line":79,"column":6},"end":{"line":79,"column":68}},"type":"binary-expr","locations":[{"start":{"line":79,"column":6},"end":{"line":79,"column":26}},{"start":{"line":79,"column":30},"end":{"line":79,"column":68}}],"line":79},"7":{"loc":{"start":{"line":82,"column":2},"end":{"line":84,"column":3}},"type":"if","locations":[{"start":{"line":82,"column":2},"end":{"line":84,"column":3}},{"start":{},"end":{}}],"line":82},"8":{"loc":{"start":{"line":85,"column":2},"end":{"line":87,"column":3}},"type":"if","locations":[{"start":{"line":85,"column":2},"end":{"line":87,"column":3}},{"start":{},"end":{}}],"line":85},"9":{"loc":{"start":{"line":110,"column":2},"end":{"line":115,"column":3}},"type":"if","locations":[{"start":{"line":110,"column":2},"end":{"line":115,"column":3}},{"start":{"line":113,"column":9},"end":{"line":115,"column":3}}],"line":110},"10":{"loc":{"start":{"line":126,"column":2},"end":{"line":131,"column":3}},"type":"if","locations":[{"start":{"line":126,"column":2},"end":{"line":131,"column":3}},{"start":{"line":129,"column":9},"end":{"line":131,"column":3}}],"line":126}},"s":{"0":9,"1":9,"2":9,"3":9,"4":1,"5":1,"6":1,"7":0,"8":1,"9":1,"10":0,"11":9,"12":2,"13":2,"14":2,"15":1,"16":1,"17":1,"18":1,"19":1,"20":0,"21":9,"22":2,"23":2,"24":2,"25":1,"26":1,"27":1,"28":1,"29":9,"30":2,"31":2,"32":2,"33":1,"34":1,"35":1,"36":1,"37":9,"38":5,"39":5,"40":5,"41":5,"42":5,"43":1,"44":4,"45":1,"46":3,"47":1,"48":2,"49":1,"50":1,"51":1,"52":1,"53":1,"54":1,"55":1,"56":1,"57":4,"58":9,"59":2,"60":2,"61":2,"62":1,"63":1,"64":1,"65":1,"66":9,"67":2,"68":2,"69":2,"70":2,"71":1,"72":1,"73":1,"74":1,"75":9},"f":{"0":1,"1":2,"2":2,"3":2,"4":5,"5":2,"6":2},"b":{"0":[0,1],"1":[1,1],"2":[1,1],"3":[1,1],"4":[1,4],"5":[1,3],"6":[4,3],"7":[1,2],"8":[1,1],"9":[1,1],"10":[1,1]},"_coverageSchema":"1a1c01bbd47fc00a2c39e90264f33305004495a9","hash":"6576f5339e8a4aba7544b32988d635673302ac7b"}
,"/usr/app/routes/index.js": {"path":"/usr/app/routes/index.js","statementMap":{"0":{"start":{"line":1,"column":15},"end":{"line":1,"column":36}},"1":{"start":{"line":3,"column":15},"end":{"line":5,"column":2}},"2":{"start":{"line":7,"column":0},"end":{"line":11,"column":3}},"3":{"start":{"line":9,"column":1},"end":{"line":9,"column":33}},"4":{"start":{"line":10,"column":1},"end":{"line":10,"column":8}},"5":{"start":{"line":13,"column":0},"end":{"line":13,"column":24}}},"fnMap":{"0":{"name":"(anonymous_0)","decl":{"start":{"line":7,"column":16},"end":{"line":7,"column":17}},"loc":{"start":{"line":7,"column":31},"end":{"line":11,"column":1}},"line":7}},"branchMap":{},"s":{"0":9,"1":9,"2":9,"3":1,"4":1,"5":9},"f":{"0":1},"b":{},"_coverageSchema":"1a1c01bbd47fc00a2c39e90264f33305004495a9","hash":"0f248bd9c77eaa9daec37ffca9fe6824ca76ab70"}
,"/usr/app/routes/projects.js": {"path":"/usr/app/routes/projects.js","statementMap":{"0":{"start":{"line":1,"column":15},"end":{"line":1,"column":36}},"1":{"start":{"line":2,"column":17},"end":{"line":2,"column":40}},"2":{"start":{"line":4,"column":15},"end":{"line":6,"column":2}},"3":{"start":{"line":9,"column":0},"end":{"line":21,"column":3}},"4":{"start":{"line":10,"column":1},"end":{"line":20,"column":2}},"5":{"start":{"line":11,"column":19},"end":{"line":11,"column":49}},"6":{"start":{"line":12,"column":2},"end":{"line":17,"column":3}},"7":{"start":{"line":13,"column":3},"end":{"line":13,"column":53}},"8":{"start":{"line":15,"column":3},"end":{"line":15,"column":23}},"9":{"start":{"line":16,"column":3},"end":{"line":16,"column":10}},"10":{"start":{"line":19,"column":2},"end":{"line":19,"column":39}},"11":{"start":{"line":24,"column":0},"end":{"line":36,"column":3}},"12":{"start":{"line":25,"column":1},"end":{"line":35,"column":2}},"13":{"start":{"line":26,"column":26},"end":{"line":26,"column":84}},"14":{"start":{"line":27,"column":2},"end":{"line":32,"column":3}},"15":{"start":{"line":28,"column":3},"end":{"line":28,"column":68}},"16":{"start":{"line":30,"column":3},"end":{"line":30,"column":35}},"17":{"start":{"line":31,"column":3},"end":{"line":31,"column":10}},"18":{"start":{"line":34,"column":2},"end":{"line":34,"column":39}},"19":{"start":{"line":39,"column":0},"end":{"line":53,"column":3}},"20":{"start":{"line":40,"column":1},"end":{"line":52,"column":2}},"21":{"start":{"line":41,"column":13},"end":{"line":41,"column":78}},"22":{"start":{"line":42,"column":2},"end":{"line":44,"column":3}},"23":{"start":{"line":43,"column":3},"end":{"line":43,"column":122}},"24":{"start":{"line":45,"column":22},"end":{"line":45,"column":66}},"25":{"start":{"line":46,"column":2},"end":{"line":46,"column":27}},"26":{"start":{"line":47,"column":2},"end":{"line":47,"column":25}},"27":{"start":{"line":48,"column":2},"end":{"line":48,"column":28}},"28":{"start":{"line":49,"column":2},"end":{"line":49,"column":36}},"29":{"start":{"line":51,"column":2},"end":{"line":51,"column":69}},"30":{"start":{"line":56,"column":0},"end":{"line":68,"column":3}},"31":{"start":{"line":57,"column":1},"end":{"line":67,"column":2}},"32":{"start":{"line":58,"column":18},"end":{"line":58,"column":102}},"33":{"start":{"line":59,"column":2},"end":{"line":64,"column":3}},"34":{"start":{"line":60,"column":3},"end":{"line":60,"column":29}},"35":{"start":{"line":61,"column":3},"end":{"line":61,"column":52}},"36":{"start":{"line":63,"column":3},"end":{"line":63,"column":40}},"37":{"start":{"line":66,"column":2},"end":{"line":66,"column":39}},"38":{"start":{"line":71,"column":0},"end":{"line":85,"column":3}},"39":{"start":{"line":72,"column":1},"end":{"line":84,"column":2}},"40":{"start":{"line":73,"column":13},"end":{"line":73,"column":29}},"41":{"start":{"line":74,"column":17},"end":{"line":74,"column":80}},"42":{"start":{"line":75,"column":2},"end":{"line":81,"column":3}},"43":{"start":{"line":76,"column":3},"end":{"line":76,"column":29}},"44":{"start":{"line":77,"column":3},"end":{"line":77,"column":35}},"45":{"start":{"line":78,"column":3},"end":{"line":78,"column":19}},"46":{"start":{"line":80,"column":3},"end":{"line":80,"column":62}},"47":{"start":{"line":83,"column":2},"end":{"line":83,"column":39}},"48":{"start":{"line":87,"column":0},"end":{"line":87,"column":24}}},"fnMap":{"0":{"name":"(anonymous_0)","decl":{"start":{"line":9,"column":16},"end":{"line":9,"column":17}},"loc":{"start":{"line":9,"column":37},"end":{"line":21,"column":1}},"line":9},"1":{"name":"(anonymous_1)","decl":{"start":{"line":24,"column":19},"end":{"line":24,"column":20}},"loc":{"start":{"line":24,"column":40},"end":{"line":36,"column":1}},"line":24},"2":{"name":"(anonymous_2)","decl":{"start":{"line":39,"column":70},"end":{"line":39,"column":71}},"loc":{"start":{"line":39,"column":85},"end":{"line":53,"column":1}},"line":39},"3":{"name":"(anonymous_3)","decl":{"start":{"line":56,"column":79},"end":{"line":56,"column":80}},"loc":{"start":{"line":56,"column":94},"end":{"line":68,"column":1}},"line":56},"4":{"name":"(anonymous_4)","decl":{"start":{"line":71,"column":69},"end":{"line":71,"column":70}},"loc":{"start":{"line":71,"column":84},"end":{"line":85,"column":1}},"line":71}},"branchMap":{"0":{"loc":{"start":{"line":12,"column":2},"end":{"line":17,"column":3}},"type":"if","locations":[{"start":{"line":12,"column":2},"end":{"line":17,"column":3}},{"start":{"line":14,"column":9},"end":{"line":17,"column":3}}],"line":12},"1":{"loc":{"start":{"line":27,"column":2},"end":{"line":32,"column":3}},"type":"if","locations":[{"start":{"line":27,"column":2},"end":{"line":32,"column":3}},{"start":{"line":29,"column":9},"end":{"line":32,"column":3}}],"line":27},"2":{"loc":{"start":{"line":42,"column":2},"end":{"line":44,"column":3}},"type":"if","locations":[{"start":{"line":42,"column":2},"end":{"line":44,"column":3}},{"start":{},"end":{}}],"line":42},"3":{"loc":{"start":{"line":59,"column":2},"end":{"line":64,"column":3}},"type":"if","locations":[{"start":{"line":59,"column":2},"end":{"line":64,"column":3}},{"start":{"line":62,"column":9},"end":{"line":64,"column":3}}],"line":59},"4":{"loc":{"start":{"line":75,"column":2},"end":{"line":81,"column":3}},"type":"if","locations":[{"start":{"line":75,"column":2},"end":{"line":81,"column":3}},{"start":{"line":79,"column":9},"end":{"line":81,"column":3}}],"line":75}},"s":{"0":9,"1":9,"2":9,"3":9,"4":1,"5":1,"6":1,"7":0,"8":1,"9":1,"10":0,"11":9,"12":3,"13":3,"14":3,"15":2,"16":1,"17":1,"18":2,"19":9,"20":2,"21":2,"22":2,"23":1,"24":1,"25":1,"26":1,"27":1,"28":1,"29":1,"30":9,"31":2,"32":2,"33":2,"34":1,"35":1,"36":1,"37":1,"38":9,"39":2,"40":2,"41":2,"42":2,"43":1,"44":1,"45":1,"46":1,"47":1,"48":9},"f":{"0":1,"1":3,"2":2,"3":2,"4":2},"b":{"0":[0,1],"1":[2,1],"2":[1,1],"3":[1,1],"4":[1,1]},"_coverageSchema":"1a1c01bbd47fc00a2c39e90264f33305004495a9","hash":"e8a3ef85082ec96b9ce5ff9503755f7f17867214"}
,"/usr/app/routes/reports.js": {"path":"/usr/app/routes/reports.js","statementMap":{"0":{"start":{"line":1,"column":15},"end":{"line":1,"column":36}},"1":{"start":{"line":2,"column":17},"end":{"line":2,"column":40}},"2":{"start":{"line":4,"column":15},"end":{"line":6,"column":2}},"3":{"start":{"line":9,"column":0},"end":{"line":21,"column":3}},"4":{"start":{"line":10,"column":1},"end":{"line":20,"column":2}},"5":{"start":{"line":11,"column":18},"end":{"line":11,"column":48}},"6":{"start":{"line":12,"column":2},"end":{"line":17,"column":3}},"7":{"start":{"line":13,"column":3},"end":{"line":13,"column":52}},"8":{"start":{"line":15,"column":3},"end":{"line":15,"column":22}},"9":{"start":{"line":16,"column":3},"end":{"line":16,"column":10}},"10":{"start":{"line":19,"column":2},"end":{"line":19,"column":39}},"11":{"start":{"line":24,"column":0},"end":{"line":36,"column":3}},"12":{"start":{"line":25,"column":1},"end":{"line":35,"column":2}},"13":{"start":{"line":26,"column":15},"end":{"line":26,"column":73}},"14":{"start":{"line":27,"column":2},"end":{"line":32,"column":3}},"15":{"start":{"line":28,"column":3},"end":{"line":28,"column":67}},"16":{"start":{"line":30,"column":3},"end":{"line":30,"column":24}},"17":{"start":{"line":31,"column":3},"end":{"line":31,"column":10}},"18":{"start":{"line":34,"column":2},"end":{"line":34,"column":39}},"19":{"start":{"line":39,"column":0},"end":{"line":54,"column":3}},"20":{"start":{"line":40,"column":1},"end":{"line":53,"column":2}},"21":{"start":{"line":41,"column":16},"end":{"line":41,"column":87}},"22":{"start":{"line":42,"column":2},"end":{"line":50,"column":3}},"23":{"start":{"line":43,"column":22},"end":{"line":43,"column":66}},"24":{"start":{"line":44,"column":3},"end":{"line":44,"column":27}},"25":{"start":{"line":45,"column":3},"end":{"line":45,"column":25}},"26":{"start":{"line":46,"column":3},"end":{"line":46,"column":29}},"27":{"start":{"line":47,"column":3},"end":{"line":47,"column":36}},"28":{"start":{"line":49,"column":3},"end":{"line":49,"column":51}},"29":{"start":{"line":52,"column":2},"end":{"line":52,"column":39}},"30":{"start":{"line":57,"column":0},"end":{"line":69,"column":3}},"31":{"start":{"line":58,"column":1},"end":{"line":68,"column":2}},"32":{"start":{"line":59,"column":18},"end":{"line":59,"column":76}},"33":{"start":{"line":60,"column":2},"end":{"line":65,"column":3}},"34":{"start":{"line":61,"column":3},"end":{"line":61,"column":29}},"35":{"start":{"line":62,"column":3},"end":{"line":62,"column":48}},"36":{"start":{"line":64,"column":3},"end":{"line":64,"column":39}},"37":{"start":{"line":67,"column":2},"end":{"line":67,"column":39}},"38":{"start":{"line":72,"column":0},"end":{"line":90,"column":3}},"39":{"start":{"line":73,"column":1},"end":{"line":89,"column":2}},"40":{"start":{"line":74,"column":13},"end":{"line":74,"column":29}},"41":{"start":{"line":75,"column":16},"end":{"line":75,"column":87}},"42":{"start":{"line":76,"column":2},"end":{"line":86,"column":3}},"43":{"start":{"line":77,"column":18},"end":{"line":77,"column":81}},"44":{"start":{"line":78,"column":3},"end":{"line":83,"column":4}},"45":{"start":{"line":79,"column":4},"end":{"line":79,"column":30}},"46":{"start":{"line":80,"column":4},"end":{"line":80,"column":32}},"47":{"start":{"line":82,"column":4},"end":{"line":82,"column":64}},"48":{"start":{"line":85,"column":3},"end":{"line":85,"column":85}},"49":{"start":{"line":88,"column":2},"end":{"line":88,"column":39}},"50":{"start":{"line":92,"column":0},"end":{"line":92,"column":24}}},"fnMap":{"0":{"name":"(anonymous_0)","decl":{"start":{"line":9,"column":66},"end":{"line":9,"column":67}},"loc":{"start":{"line":9,"column":87},"end":{"line":21,"column":1}},"line":9},"1":{"name":"(anonymous_1)","decl":{"start":{"line":24,"column":69},"end":{"line":24,"column":70}},"loc":{"start":{"line":24,"column":90},"end":{"line":36,"column":1}},"line":24},"2":{"name":"(anonymous_2)","decl":{"start":{"line":39,"column":70},"end":{"line":39,"column":71}},"loc":{"start":{"line":39,"column":85},"end":{"line":54,"column":1}},"line":39},"3":{"name":"(anonymous_3)","decl":{"start":{"line":57,"column":79},"end":{"line":57,"column":80}},"loc":{"start":{"line":57,"column":94},"end":{"line":69,"column":1}},"line":57},"4":{"name":"(anonymous_4)","decl":{"start":{"line":72,"column":69},"end":{"line":72,"column":70}},"loc":{"start":{"line":72,"column":84},"end":{"line":90,"column":1}},"line":72}},"branchMap":{"0":{"loc":{"start":{"line":12,"column":2},"end":{"line":17,"column":3}},"type":"if","locations":[{"start":{"line":12,"column":2},"end":{"line":17,"column":3}},{"start":{"line":14,"column":9},"end":{"line":17,"column":3}}],"line":12},"1":{"loc":{"start":{"line":27,"column":2},"end":{"line":32,"column":3}},"type":"if","locations":[{"start":{"line":27,"column":2},"end":{"line":32,"column":3}},{"start":{"line":29,"column":9},"end":{"line":32,"column":3}}],"line":27},"2":{"loc":{"start":{"line":42,"column":2},"end":{"line":50,"column":3}},"type":"if","locations":[{"start":{"line":42,"column":2},"end":{"line":50,"column":3}},{"start":{"line":48,"column":9},"end":{"line":50,"column":3}}],"line":42},"3":{"loc":{"start":{"line":60,"column":2},"end":{"line":65,"column":3}},"type":"if","locations":[{"start":{"line":60,"column":2},"end":{"line":65,"column":3}},{"start":{"line":63,"column":9},"end":{"line":65,"column":3}}],"line":60},"4":{"loc":{"start":{"line":76,"column":2},"end":{"line":86,"column":3}},"type":"if","locations":[{"start":{"line":76,"column":2},"end":{"line":86,"column":3}},{"start":{"line":84,"column":9},"end":{"line":86,"column":3}}],"line":76},"5":{"loc":{"start":{"line":78,"column":3},"end":{"line":83,"column":4}},"type":"if","locations":[{"start":{"line":78,"column":3},"end":{"line":83,"column":4}},{"start":{"line":81,"column":10},"end":{"line":83,"column":4}}],"line":78}},"s":{"0":9,"1":9,"2":9,"3":9,"4":1,"5":1,"6":1,"7":0,"8":1,"9":1,"10":0,"11":9,"12":2,"13":2,"14":2,"15":1,"16":1,"17":1,"18":1,"19":9,"20":2,"21":2,"22":2,"23":1,"24":1,"25":1,"26":1,"27":1,"28":1,"29":1,"30":9,"31":2,"32":2,"33":2,"34":1,"35":1,"36":1,"37":1,"38":9,"39":3,"40":3,"41":3,"42":3,"43":2,"44":2,"45":1,"46":1,"47":1,"48":1,"49":2,"50":9},"f":{"0":1,"1":2,"2":2,"3":2,"4":3},"b":{"0":[0,1],"1":[1,1],"2":[1,1],"3":[1,1],"4":[2,1],"5":[1,1]},"_coverageSchema":"1a1c01bbd47fc00a2c39e90264f33305004495a9","hash":"f22967061c5ed5f56781e56ba3cf1db635b1b464"}
,"/usr/app/routes/users.js": {"path":"/usr/app/routes/users.js","statementMap":{"0":{"start":{"line":1,"column":15},"end":{"line":1,"column":36}},"1":{"start":{"line":2,"column":15},"end":{"line":2,"column":34}},"2":{"start":{"line":3,"column":17},"end":{"line":3,"column":40}},"3":{"start":{"line":4,"column":12},"end":{"line":4,"column":35}},"4":{"start":{"line":7,"column":15},"end":{"line":7,"column":37}},"5":{"start":{"line":8,"column":15},"end":{"line":10,"column":2}},"6":{"start":{"line":13,"column":0},"end":{"line":25,"column":3}},"7":{"start":{"line":14,"column":1},"end":{"line":24,"column":2}},"8":{"start":{"line":15,"column":16},"end":{"line":15,"column":43}},"9":{"start":{"line":16,"column":2},"end":{"line":21,"column":3}},"10":{"start":{"line":17,"column":3},"end":{"line":17,"column":50}},"11":{"start":{"line":19,"column":3},"end":{"line":19,"column":20}},"12":{"start":{"line":20,"column":3},"end":{"line":20,"column":10}},"13":{"start":{"line":23,"column":2},"end":{"line":23,"column":39}},"14":{"start":{"line":28,"column":0},"end":{"line":40,"column":3}},"15":{"start":{"line":29,"column":1},"end":{"line":39,"column":2}},"16":{"start":{"line":30,"column":13},"end":{"line":30,"column":68}},"17":{"start":{"line":31,"column":2},"end":{"line":36,"column":3}},"18":{"start":{"line":32,"column":3},"end":{"line":32,"column":65}},"19":{"start":{"line":34,"column":3},"end":{"line":34,"column":22}},"20":{"start":{"line":35,"column":3},"end":{"line":35,"column":10}},"21":{"start":{"line":38,"column":2},"end":{"line":38,"column":39}},"22":{"start":{"line":43,"column":0},"end":{"line":63,"column":3}},"23":{"start":{"line":44,"column":1},"end":{"line":62,"column":2}},"24":{"start":{"line":45,"column":23},"end":{"line":47,"column":4}},"25":{"start":{"line":48,"column":2},"end":{"line":59,"column":3}},"26":{"start":{"line":49,"column":3},"end":{"line":49,"column":68}},"27":{"start":{"line":51,"column":3},"end":{"line":58,"column":4}},"28":{"start":{"line":52,"column":4},"end":{"line":52,"column":37}},"29":{"start":{"line":53,"column":4},"end":{"line":53,"column":11}},"30":{"start":{"line":55,"column":4},"end":{"line":55,"column":18}},"31":{"start":{"line":56,"column":4},"end":{"line":56,"column":67}},"32":{"start":{"line":57,"column":4},"end":{"line":57,"column":11}},"33":{"start":{"line":61,"column":2},"end":{"line":61,"column":39}},"34":{"start":{"line":66,"column":0},"end":{"line":94,"column":3}},"35":{"start":{"line":67,"column":1},"end":{"line":93,"column":2}},"36":{"start":{"line":68,"column":15},"end":{"line":68,"column":31}},"37":{"start":{"line":69,"column":18},"end":{"line":69,"column":73}},"38":{"start":{"line":70,"column":2},"end":{"line":89,"column":3}},"39":{"start":{"line":71,"column":3},"end":{"line":71,"column":29}},"40":{"start":{"line":72,"column":3},"end":{"line":78,"column":4}},"41":{"start":{"line":73,"column":4},"end":{"line":73,"column":71}},"42":{"start":{"line":74,"column":9},"end":{"line":78,"column":4}},"43":{"start":{"line":75,"column":4},"end":{"line":75,"column":69}},"44":{"start":{"line":77,"column":4},"end":{"line":77,"column":56}},"45":{"start":{"line":80,"column":16},"end":{"line":80,"column":36}},"46":{"start":{"line":81,"column":16},"end":{"line":81,"column":52}},"47":{"start":{"line":82,"column":3},"end":{"line":82,"column":24}},"48":{"start":{"line":83,"column":16},"end":{"line":83,"column":45}},"49":{"start":{"line":84,"column":3},"end":{"line":84,"column":21}},"50":{"start":{"line":85,"column":17},"end":{"line":85,"column":70}},"51":{"start":{"line":86,"column":3},"end":{"line":86,"column":21}},"52":{"start":{"line":87,"column":3},"end":{"line":87,"column":29}},"53":{"start":{"line":88,"column":3},"end":{"line":88,"column":28}},"54":{"start":{"line":91,"column":2},"end":{"line":91,"column":31}},"55":{"start":{"line":92,"column":2},"end":{"line":92,"column":47}},"56":{"start":{"line":97,"column":0},"end":{"line":116,"column":3}},"57":{"start":{"line":98,"column":14},"end":{"line":98,"column":30}},"58":{"start":{"line":99,"column":14},"end":{"line":99,"column":69}},"59":{"start":{"line":100,"column":1},"end":{"line":115,"column":2}},"60":{"start":{"line":101,"column":2},"end":{"line":101,"column":28}},"61":{"start":{"line":102,"column":2},"end":{"line":102,"column":43}},"62":{"start":{"line":104,"column":2},"end":{"line":104,"column":44}},"63":{"start":{"line":105,"column":24},"end":{"line":105,"column":72}},"64":{"start":{"line":106,"column":2},"end":{"line":114,"column":3}},"65":{"start":{"line":107,"column":3},"end":{"line":107,"column":29}},"66":{"start":{"line":108,"column":3},"end":{"line":108,"column":43}},"67":{"start":{"line":110,"column":17},"end":{"line":110,"column":70}},"68":{"start":{"line":111,"column":3},"end":{"line":111,"column":21}},"69":{"start":{"line":112,"column":3},"end":{"line":112,"column":29}},"70":{"start":{"line":113,"column":3},"end":{"line":113,"column":28}},"71":{"start":{"line":119,"column":0},"end":{"line":162,"column":3}},"72":{"start":{"line":120,"column":1},"end":{"line":161,"column":2}},"73":{"start":{"line":121,"column":12},"end":{"line":121,"column":67}},"74":{"start":{"line":122,"column":2},"end":{"line":147,"column":3}},"75":{"start":{"line":123,"column":14},"end":{"line":123,"column":74}},"76":{"start":{"line":124,"column":18},"end":{"line":124,"column":80}},"77":{"start":{"line":125,"column":18},"end":{"line":125,"column":80}},"78":{"start":{"line":126,"column":3},"end":{"line":130,"column":4}},"79":{"start":{"line":127,"column":4},"end":{"line":129,"column":7}},"80":{"start":{"line":128,"column":5},"end":{"line":128,"column":130}},"81":{"start":{"line":131,"column":3},"end":{"line":135,"column":4}},"82":{"start":{"line":132,"column":4},"end":{"line":134,"column":7}},"83":{"start":{"line":133,"column":5},"end":{"line":133,"column":104}},"84":{"start":{"line":136,"column":3},"end":{"line":144,"column":4}},"85":{"start":{"line":137,"column":18},"end":{"line":137,"column":73}},"86":{"start":{"line":138,"column":4},"end":{"line":141,"column":5}},"87":{"start":{"line":139,"column":5},"end":{"line":139,"column":31}},"88":{"start":{"line":140,"column":5},"end":{"line":140,"column":48}},"89":{"start":{"line":143,"column":4},"end":{"line":143,"column":60}},"90":{"start":{"line":146,"column":3},"end":{"line":146,"column":37}},"91":{"start":{"line":149,"column":2},"end":{"line":149,"column":39}},"92":{"start":{"line":150,"column":12},"end":{"line":150,"column":67}},"93":{"start":{"line":151,"column":2},"end":{"line":160,"column":3}},"94":{"start":{"line":152,"column":3},"end":{"line":152,"column":35}},"95":{"start":{"line":154,"column":3},"end":{"line":159,"column":4}},"96":{"start":{"line":155,"column":4},"end":{"line":155,"column":36}},"97":{"start":{"line":157,"column":4},"end":{"line":157,"column":31}},"98":{"start":{"line":158,"column":4},"end":{"line":158,"column":52}},"99":{"start":{"line":165,"column":0},"end":{"line":184,"column":3}},"100":{"start":{"line":166,"column":1},"end":{"line":183,"column":2}},"101":{"start":{"line":167,"column":13},"end":{"line":167,"column":29}},"102":{"start":{"line":168,"column":2},"end":{"line":172,"column":3}},"103":{"start":{"line":169,"column":16},"end":{"line":169,"column":36}},"104":{"start":{"line":170,"column":16},"end":{"line":170,"column":52}},"105":{"start":{"line":171,"column":3},"end":{"line":171,"column":24}},"106":{"start":{"line":173,"column":17},"end":{"line":173,"column":77}},"107":{"start":{"line":174,"column":2},"end":{"line":180,"column":3}},"108":{"start":{"line":175,"column":24},"end":{"line":175,"column":79}},"109":{"start":{"line":176,"column":3},"end":{"line":176,"column":35}},"110":{"start":{"line":177,"column":3},"end":{"line":177,"column":29}},"111":{"start":{"line":179,"column":3},"end":{"line":179,"column":62}},"112":{"start":{"line":182,"column":2},"end":{"line":182,"column":39}},"113":{"start":{"line":186,"column":0},"end":{"line":186,"column":24}}},"fnMap":{"0":{"name":"(anonymous_0)","decl":{"start":{"line":13,"column":66},"end":{"line":13,"column":67}},"loc":{"start":{"line":13,"column":87},"end":{"line":25,"column":1}},"line":13},"1":{"name":"(anonymous_1)","decl":{"start":{"line":28,"column":69},"end":{"line":28,"column":70}},"loc":{"start":{"line":28,"column":90},"end":{"line":40,"column":1}},"line":28},"2":{"name":"(anonymous_2)","decl":{"start":{"line":43,"column":78},"end":{"line":43,"column":79}},"loc":{"start":{"line":43,"column":99},"end":{"line":63,"column":1}},"line":43},"3":{"name":"(anonymous_3)","decl":{"start":{"line":66,"column":25},"end":{"line":66,"column":26}},"loc":{"start":{"line":66,"column":40},"end":{"line":94,"column":1}},"line":66},"4":{"name":"(anonymous_4)","decl":{"start":{"line":97,"column":22},"end":{"line":97,"column":23}},"loc":{"start":{"line":97,"column":37},"end":{"line":116,"column":1}},"line":97},"5":{"name":"(anonymous_5)","decl":{"start":{"line":119,"column":79},"end":{"line":119,"column":80}},"loc":{"start":{"line":119,"column":94},"end":{"line":162,"column":1}},"line":119},"6":{"name":"(anonymous_6)","decl":{"start":{"line":127,"column":17},"end":{"line":127,"column":18}},"loc":{"start":{"line":127,"column":33},"end":{"line":129,"column":5}},"line":127},"7":{"name":"(anonymous_7)","decl":{"start":{"line":132,"column":17},"end":{"line":132,"column":18}},"loc":{"start":{"line":132,"column":32},"end":{"line":134,"column":5}},"line":132},"8":{"name":"(anonymous_8)","decl":{"start":{"line":165,"column":69},"end":{"line":165,"column":70}},"loc":{"start":{"line":165,"column":84},"end":{"line":184,"column":1}},"line":165}},"branchMap":{"0":{"loc":{"start":{"line":16,"column":2},"end":{"line":21,"column":3}},"type":"if","locations":[{"start":{"line":16,"column":2},"end":{"line":21,"column":3}},{"start":{"line":18,"column":9},"end":{"line":21,"column":3}}],"line":16},"1":{"loc":{"start":{"line":31,"column":2},"end":{"line":36,"column":3}},"type":"if","locations":[{"start":{"line":31,"column":2},"end":{"line":36,"column":3}},{"start":{"line":33,"column":9},"end":{"line":36,"column":3}}],"line":31},"2":{"loc":{"start":{"line":48,"column":2},"end":{"line":59,"column":3}},"type":"if","locations":[{"start":{"line":48,"column":2},"end":{"line":59,"column":3}},{"start":{"line":50,"column":9},"end":{"line":59,"column":3}}],"line":48},"3":{"loc":{"start":{"line":51,"column":3},"end":{"line":58,"column":4}},"type":"if","locations":[{"start":{"line":51,"column":3},"end":{"line":58,"column":4}},{"start":{"line":54,"column":10},"end":{"line":58,"column":4}}],"line":51},"4":{"loc":{"start":{"line":70,"column":2},"end":{"line":89,"column":3}},"type":"if","locations":[{"start":{"line":70,"column":2},"end":{"line":89,"column":3}},{"start":{"line":79,"column":9},"end":{"line":89,"column":3}}],"line":70},"5":{"loc":{"start":{"line":72,"column":3},"end":{"line":78,"column":4}},"type":"if","locations":[{"start":{"line":72,"column":3},"end":{"line":78,"column":4}},{"start":{"line":74,"column":9},"end":{"line":78,"column":4}}],"line":72},"6":{"loc":{"start":{"line":74,"column":9},"end":{"line":78,"column":4}},"type":"if","locations":[{"start":{"line":74,"column":9},"end":{"line":78,"column":4}},{"start":{"line":76,"column":8},"end":{"line":78,"column":4}}],"line":74},"7":{"loc":{"start":{"line":100,"column":1},"end":{"line":115,"column":2}},"type":"if","locations":[{"start":{"line":100,"column":1},"end":{"line":115,"column":2}},{"start":{"line":103,"column":8},"end":{"line":115,"column":2}}],"line":100},"8":{"loc":{"start":{"line":106,"column":2},"end":{"line":114,"column":3}},"type":"if","locations":[{"start":{"line":106,"column":2},"end":{"line":114,"column":3}},{"start":{"line":109,"column":9},"end":{"line":114,"column":3}}],"line":106},"9":{"loc":{"start":{"line":122,"column":2},"end":{"line":147,"column":3}},"type":"if","locations":[{"start":{"line":122,"column":2},"end":{"line":147,"column":3}},{"start":{"line":145,"column":8},"end":{"line":147,"column":3}}],"line":122},"10":{"loc":{"start":{"line":126,"column":3},"end":{"line":130,"column":4}},"type":"if","locations":[{"start":{"line":126,"column":3},"end":{"line":130,"column":4}},{"start":{},"end":{}}],"line":126},"11":{"loc":{"start":{"line":131,"column":3},"end":{"line":135,"column":4}},"type":"if","locations":[{"start":{"line":131,"column":3},"end":{"line":135,"column":4}},{"start":{},"end":{}}],"line":131},"12":{"loc":{"start":{"line":138,"column":4},"end":{"line":141,"column":5}},"type":"if","locations":[{"start":{"line":138,"column":4},"end":{"line":141,"column":5}},{"start":{},"end":{}}],"line":138},"13":{"loc":{"start":{"line":151,"column":2},"end":{"line":160,"column":3}},"type":"if","locations":[{"start":{"line":151,"column":2},"end":{"line":160,"column":3}},{"start":{"line":153,"column":7},"end":{"line":160,"column":3}}],"line":151},"14":{"loc":{"start":{"line":154,"column":3},"end":{"line":159,"column":4}},"type":"if","locations":[{"start":{"line":154,"column":3},"end":{"line":159,"column":4}},{"start":{"line":156,"column":8},"end":{"line":159,"column":4}}],"line":154},"15":{"loc":{"start":{"line":168,"column":2},"end":{"line":172,"column":3}},"type":"if","locations":[{"start":{"line":168,"column":2},"end":{"line":172,"column":3}},{"start":{},"end":{}}],"line":168},"16":{"loc":{"start":{"line":174,"column":2},"end":{"line":180,"column":3}},"type":"if","locations":[{"start":{"line":174,"column":2},"end":{"line":180,"column":3}},{"start":{"line":178,"column":9},"end":{"line":180,"column":3}}],"line":174}},"s":{"0":9,"1":9,"2":9,"3":9,"4":9,"5":9,"6":9,"7":1,"8":1,"9":1,"10":0,"11":1,"12":1,"13":0,"14":9,"15":2,"16":2,"17":2,"18":1,"19":1,"20":1,"21":1,"22":9,"23":3,"24":3,"25":3,"26":1,"27":2,"28":1,"29":1,"30":1,"31":1,"32":1,"33":1,"34":9,"35":3,"36":3,"37":3,"38":2,"39":1,"40":1,"41":1,"42":0,"43":0,"44":0,"45":1,"46":1,"47":1,"48":1,"49":1,"50":1,"51":1,"52":1,"53":1,"54":1,"55":1,"56":9,"57":3,"58":3,"59":3,"60":1,"61":1,"62":2,"63":2,"64":2,"65":1,"66":1,"67":1,"68":1,"69":1,"70":1,"71":9,"72":3,"73":3,"74":3,"75":2,"76":2,"77":2,"78":2,"79":1,"80":1,"81":2,"82":1,"83":1,"84":2,"85":2,"86":1,"87":1,"88":1,"89":2,"90":1,"91":2,"92":2,"93":2,"94":0,"95":2,"96":1,"97":1,"98":1,"99":9,"100":2,"101":2,"102":2,"103":2,"104":2,"105":2,"106":2,"107":2,"108":1,"109":1,"110":1,"111":1,"112":1,"113":9},"f":{"0":1,"1":2,"2":3,"3":3,"4":3,"5":3,"6":1,"7":1,"8":2},"b":{"0":[0,1],"1":[1,1],"2":[1,2],"3":[1,1],"4":[1,1],"5":[1,0],"6":[0,0],"7":[1,2],"8":[1,1],"9":[2,1],"10":[1,1],"11":[1,1],"12":[1,0],"13":[0,2],"14":[1,1],"15":[2,0],"16":[1,1]},"_coverageSchema":"1a1c01bbd47fc00a2c39e90264f33305004495a9","hash":"568f571ceeb60df9bfb8750feadc2d390586d328"}
}
