{"/usr/app/app.js": {"path":"/usr/app/app.js","statementMap":{"0":{"start":{"line":4,"column":12},"end":{"line":4,"column":26}},"1":{"start":{"line":5,"column":16},"end":{"line":5,"column":35}},"2":{"start":{"line":6,"column":13},"end":{"line":6,"column":33}},"3":{"start":{"line":7,"column":11},"end":{"line":7,"column":30}},"4":{"start":{"line":8,"column":0},"end":{"line":8,"column":27}},"5":{"start":{"line":9,"column":20},"end":{"line":9,"column":43}},"6":{"start":{"line":10,"column":22},"end":{"line":10,"column":42}},"7":{"start":{"line":11,"column":19},"end":{"line":11,"column":41}},"8":{"start":{"line":12,"column":17},"end":{"line":12,"column":40}},"9":{"start":{"line":13,"column":19},"end":{"line":13,"column":44}},"10":{"start":{"line":14,"column":16},"end":{"line":14,"column":38}},"11":{"start":{"line":16,"column":12},"end":{"line":16,"column":21}},"12":{"start":{"line":17,"column":0},"end":{"line":17,"column":20}},"13":{"start":{"line":19,"column":0},"end":{"line":19,"column":19}},"14":{"start":{"line":20,"column":0},"end":{"line":20,"column":16}},"15":{"start":{"line":23,"column":0},"end":{"line":23,"column":22}},"16":{"start":{"line":26,"column":0},"end":{"line":26,"column":22}},"17":{"start":{"line":29,"column":13},"end":{"line":29,"column":15}},"18":{"start":{"line":30,"column":0},"end":{"line":30,"column":63}},"19":{"start":{"line":31,"column":0},"end":{"line":31,"column":42}},"20":{"start":{"line":33,"column":0},"end":{"line":39,"column":2}},"21":{"start":{"line":35,"column":2},"end":{"line":37,"column":40}},"22":{"start":{"line":36,"column":19},"end":{"line":36,"column":43}},"23":{"start":{"line":37,"column":19},"end":{"line":37,"column":36}},"24":{"start":{"line":41,"column":0},"end":{"line":41,"column":31}},"25":{"start":{"line":44,"column":12},"end":{"line":44,"column":37}},"26":{"start":{"line":45,"column":15},"end":{"line":45,"column":43}},"27":{"start":{"line":46,"column":11},"end":{"line":46,"column":36}},"28":{"start":{"line":47,"column":13},"end":{"line":47,"column":40}},"29":{"start":{"line":48,"column":15},"end":{"line":48,"column":43}},"30":{"start":{"line":51,"column":0},"end":{"line":51,"column":24}},"31":{"start":{"line":52,"column":0},"end":{"line":52,"column":27}},"32":{"start":{"line":53,"column":0},"end":{"line":53,"column":23}},"33":{"start":{"line":54,"column":0},"end":{"line":54,"column":25}},"34":{"start":{"line":55,"column":0},"end":{"line":55,"column":27}},"35":{"start":{"line":57,"column":0},"end":{"line":57,"column":21}}},"fnMap":{"0":{"name":"(anonymous_0)","decl":{"start":{"line":34,"column":23},"end":{"line":34,"column":24}},"loc":{"start":{"line":34,"column":51},"end":{"line":38,"column":2}},"line":34},"1":{"name":"(anonymous_1)","decl":{"start":{"line":36,"column":9},"end":{"line":36,"column":10}},"loc":{"start":{"line":36,"column":17},"end":{"line":36,"column":45}},"line":36},"2":{"name":"(anonymous_2)","decl":{"start":{"line":37,"column":10},"end":{"line":37,"column":11}},"loc":{"start":{"line":37,"column":17},"end":{"line":37,"column":38}},"line":37}},"branchMap":{},"s":{"0":9,"1":9,"2":9,"3":9,"4":9,"5":9,"6":9,"7":9,"8":9,"9":9,"10":9,"11":9,"12":9,"13":9,"14":9,"15":9,"16":9,"17":9,"18":9,"19":9,"20":9,"21":36,"22":36,"23":0,"24":9,"25":9,"26":9,"27":9,"28":9,"29":9,"30":9,"31":9,"32":9,"33":9,"34":9,"35":9},"f":{"0":36,"1":36,"2":0},"b":{},"_coverageSchema":"1a1c01bbd47fc00a2c39e90264f33305004495a9","hash":"e2eeb31be03f3799c5252bcf44a8fd0f22740a25"}
,"/usr/app/config/config.js": {"path":"/usr/app/config/config.js","statementMap":{"0":{"start":{"line":2,"column":15},"end":{"line":28,"column":1}},"1":{"start":{"line":30,"column":0},"end":{"line":35,"column":3}},"2":{"start":{"line":31,"column":21},"end":{"line":31,"column":38}},"3":{"start":{"line":32,"column":1},"end":{"line":34,"column":2}},"4":{"start":{"line":33,"column":2},"end":{"line":33,"column":72}},"5":{"start":{"line":37,"column":0},"end":{"line":37,"column":24}}},"fnMap":{"0":{"name":"(anonymous_0)","decl":{"start":{"line":30,"column":28},"end":{"line":30,"column":29}},"loc":{"start":{"line":30,"column":43},"end":{"line":35,"column":1}},"line":30}},"branchMap":{"0":{"loc":{"start":{"line":6,"column":11},"end":{"line":6,"column":47}},"type":"binary-expr","locations":[{"start":{"line":6,"column":11},"end":{"line":6,"column":33}},{"start":{"line":6,"column":37},"end":{"line":6,"column":47}}],"line":6},"1":{"loc":{"start":{"line":8,"column":8},"end":{"line":8,"column":42}},"type":"binary-expr","locations":[{"start":{"line":8,"column":8},"end":{"line":8,"column":27}},{"start":{"line":8,"column":31},"end":{"line":8,"column":42}}],"line":8},"2":{"loc":{"start":{"line":13,"column":12},"end":{"line":13,"column":40}},"type":"binary-expr","locations":[{"start":{"line":13,"column":12},"end":{"line":13,"column":31}},{"start":{"line":13,"column":35},"end":{"line":13,"column":40}}],"line":13},"3":{"loc":{"start":{"line":32,"column":1},"end":{"line":34,"column":2}},"type":"if","locations":[{"start":{"line":32,"column":1},"end":{"line":34,"column":2}},{"start":{},"end":{}}],"line":32}},"s":{"0":9,"1":9,"2":36,"3":36,"4":27,"5":9},"f":{"0":36},"b":{"0":[9,9],"1":[9,0],"2":[9,0],"3":[27,9]},"_coverageSchema":"1a1c01bbd47fc00a2c39e90264f33305004495a9","hash":"2166f4710b7b4dc2501ac56e76256f6523026d12"}
,"/usr/app/models/funding.js": {"path":"/usr/app/models/funding.js","statementMap":{"0":{"start":{"line":4,"column":4},"end":{"line":4,"column":24}},"1":{"start":{"line":5,"column":0},"end":{"line":30,"column":2}},"2":{"start":{"line":13,"column":3},"end":{"line":15,"column":6}},"3":{"start":{"line":16,"column":3},"end":{"line":18,"column":6}},"4":{"start":{"line":21,"column":1},"end":{"line":28,"column":4}},"5":{"start":{"line":29,"column":1},"end":{"line":29,"column":16}}},"fnMap":{"0":{"name":"(anonymous_0)","decl":{"start":{"line":5,"column":17},"end":{"line":5,"column":18}},"loc":{"start":{"line":5,"column":43},"end":{"line":30,"column":1}},"line":5},"1":{"name":"(anonymous_1)","decl":{"start":{"line":12,"column":2},"end":{"line":12,"column":3}},"loc":{"start":{"line":12,"column":27},"end":{"line":19,"column":3}},"line":12}},"branchMap":{},"s":{"0":9,"1":9,"2":9,"3":9,"4":9,"5":9},"f":{"0":9,"1":9},"b":{},"_coverageSchema":"1a1c01bbd47fc00a2c39e90264f33305004495a9","hash":"93ab0a0c174639d0c35808e06d659d08ff741a5c"}
,"/usr/app/models/index.js": {"path":"/usr/app/models/index.js","statementMap":{"0":{"start":{"line":4,"column":11},"end":{"line":4,"column":24}},"1":{"start":{"line":5,"column":13},"end":{"line":5,"column":28}},"2":{"start":{"line":6,"column":18},"end":{"line":6,"column":38}},"3":{"start":{"line":7,"column":17},"end":{"line":7,"column":42}},"4":{"start":{"line":8,"column":12},"end":{"line":8,"column":49}},"5":{"start":{"line":9,"column":15},"end":{"line":9,"column":63}},"6":{"start":{"line":10,"column":11},"end":{"line":10,"column":13}},"7":{"start":{"line":13,"column":0},"end":{"line":17,"column":1}},"8":{"start":{"line":14,"column":1},"end":{"line":14,"column":73}},"9":{"start":{"line":16,"column":1},"end":{"line":16,"column":86}},"10":{"start":{"line":19,"column":0},"end":{"line":27,"column":4}},"11":{"start":{"line":22,"column":2},"end":{"line":22,"column":88}},"12":{"start":{"line":25,"column":16},"end":{"line":25,"column":83}},"13":{"start":{"line":26,"column":2},"end":{"line":26,"column":25}},"14":{"start":{"line":29,"column":0},"end":{"line":33,"column":3}},"15":{"start":{"line":30,"column":1},"end":{"line":32,"column":2}},"16":{"start":{"line":31,"column":2},"end":{"line":31,"column":30}},"17":{"start":{"line":35,"column":0},"end":{"line":35,"column":25}},"18":{"start":{"line":36,"column":0},"end":{"line":36,"column":25}},"19":{"start":{"line":38,"column":0},"end":{"line":38,"column":20}}},"fnMap":{"0":{"name":"(anonymous_0)","decl":{"start":{"line":21,"column":9},"end":{"line":21,"column":10}},"loc":{"start":{"line":21,"column":17},"end":{"line":23,"column":2}},"line":21},"1":{"name":"(anonymous_1)","decl":{"start":{"line":24,"column":10},"end":{"line":24,"column":11}},"loc":{"start":{"line":24,"column":18},"end":{"line":27,"column":2}},"line":24},"2":{"name":"(anonymous_2)","decl":{"start":{"line":29,"column":24},"end":{"line":29,"column":25}},"loc":{"start":{"line":29,"column":37},"end":{"line":33,"column":1}},"line":29}},"branchMap":{"0":{"loc":{"start":{"line":8,"column":12},"end":{"line":8,"column":49}},"type":"binary-expr","locations":[{"start":{"line":8,"column":12},"end":{"line":8,"column":32}},{"start":{"line":8,"column":36},"end":{"line":8,"column":49}}],"line":8},"1":{"loc":{"start":{"line":13,"column":0},"end":{"line":17,"column":1}},"type":"if","locations":[{"start":{"line":13,"column":0},"end":{"line":17,"column":1}},{"start":{"line":15,"column":7},"end":{"line":17,"column":1}}],"line":13},"2":{"loc":{"start":{"line":22,"column":9},"end":{"line":22,"column":87}},"type":"binary-expr","locations":[{"start":{"line":22,"column":10},"end":{"line":22,"column":33}},{"start":{"line":22,"column":39},"end":{"line":22,"column":56}},{"start":{"line":22,"column":62},"end":{"line":22,"column":86}}],"line":22},"3":{"loc":{"start":{"line":30,"column":1},"end":{"line":32,"column":2}},"type":"if","locations":[{"start":{"line":30,"column":1},"end":{"line":32,"column":2}},{"start":{},"end":{}}],"line":30}},"s":{"0":9,"1":9,"2":9,"3":9,"4":9,"5":9,"6":9,"7":9,"8":0,"9":9,"10":9,"11":54,"12":36,"13":36,"14":9,"15":36,"16":36,"17":9,"18":9,"19":9},"f":{"0":54,"1":36,"2":36},"b":{"0":[9,0],"1":[0,9],"2":[54,54,45],"3":[36,0]},"_coverageSchema":"1a1c01bbd47fc00a2c39e90264f33305004495a9","hash":"16a11ea65f4c56677b28c31a3cc15b73bea72567"}
,"/usr/app/models/project.js": {"path":"/usr/app/models/project.js","statementMap":{"0":{"start":{"line":4,"column":4},"end":{"line":4,"column":24}},"1":{"start":{"line":5,"column":0},"end":{"line":73,"column":2}},"2":{"start":{"line":15,"column":3},"end":{"line":17,"column":6}},"3":{"start":{"line":18,"column":3},"end":{"line":20,"column":6}},"4":{"start":{"line":21,"column":3},"end":{"line":23,"column":6}},"5":{"start":{"line":26,"column":1},"end":{"line":71,"column":4}},"6":{"start":{"line":72,"column":1},"end":{"line":72,"column":16}}},"fnMap":{"0":{"name":"(anonymous_0)","decl":{"start":{"line":5,"column":17},"end":{"line":5,"column":18}},"loc":{"start":{"line":5,"column":43},"end":{"line":73,"column":1}},"line":5},"1":{"name":"(anonymous_1)","decl":{"start":{"line":13,"column":2},"end":{"line":13,"column":3}},"loc":{"start":{"line":13,"column":27},"end":{"line":24,"column":3}},"line":13}},"branchMap":{},"s":{"0":9,"1":9,"2":9,"3":9,"4":9,"5":9,"6":9},"f":{"0":9,"1":9},"b":{},"_coverageSchema":"1a1c01bbd47fc00a2c39e90264f33305004495a9","hash":"8b642feaadf5671ea2b05d586af2bd5af78d224e"}
,"/usr/app/models/reports.js": {"path":"/usr/app/models/reports.js","statementMap":{"0":{"start":{"line":4,"column":4},"end":{"line":4,"column":24}},"1":{"start":{"line":5,"column":0},"end":{"line":39,"column":2}},"2":{"start":{"line":14,"column":3},"end":{"line":17,"column":6}},"3":{"start":{"line":20,"column":1},"end":{"line":37,"column":4}},"4":{"start":{"line":38,"column":1},"end":{"line":38,"column":16}}},"fnMap":{"0":{"name":"(anonymous_0)","decl":{"start":{"line":5,"column":17},"end":{"line":5,"column":18}},"loc":{"start":{"line":5,"column":43},"end":{"line":39,"column":1}},"line":5},"1":{"name":"(anonymous_1)","decl":{"start":{"line":12,"column":2},"end":{"line":12,"column":3}},"loc":{"start":{"line":12,"column":27},"end":{"line":18,"column":3}},"line":12}},"branchMap":{},"s":{"0":9,"1":9,"2":9,"3":9,"4":9},"f":{"0":9,"1":9},"b":{},"_coverageSchema":"1a1c01bbd47fc00a2c39e90264f33305004495a9","hash":"c48391b62e20e941ab41e70b3d721c86da5ea986"}
,"/usr/app/models/user.js": {"path":"/usr/app/models/user.js","statementMap":{"0":{"start":{"line":4,"column":4},"end":{"line":4,"column":24}},"1":{"start":{"line":5,"column":0},"end":{"line":57,"column":2}},"2":{"start":{"line":15,"column":3},"end":{"line":17,"column":6}},"3":{"start":{"line":18,"column":3},"end":{"line":20,"column":6}},"4":{"start":{"line":23,"column":1},"end":{"line":55,"column":4}},"5":{"start":{"line":56,"column":1},"end":{"line":56,"column":13}}},"fnMap":{"0":{"name":"(anonymous_0)","decl":{"start":{"line":5,"column":17},"end":{"line":5,"column":18}},"loc":{"start":{"line":5,"column":43},"end":{"line":57,"column":1}},"line":5},"1":{"name":"(anonymous_1)","decl":{"start":{"line":13,"column":2},"end":{"line":13,"column":3}},"loc":{"start":{"line":13,"column":27},"end":{"line":21,"column":3}},"line":13}},"branchMap":{},"s":{"0":9,"1":9,"2":9,"3":9,"4":9,"5":9},"f":{"0":9,"1":9},"b":{},"_coverageSchema":"1a1c01bbd47fc00a2c39e90264f33305004495a9","hash":"44a69dd3342643bae252ab8ae5247f33d49d93b3"}
,"/usr/app/routes/fundings.js": {"path":"/usr/app/routes/fundings.js","statementMap":{"0":{"start":{"line":1,"column":15},"end":{"line":1,"column":36}},"1":{"start":{"line":2,"column":17},"end":{"line":2,"column":40}},"2":{"start":{"line":4,"column":15},"end":{"line":6,"column":2}},"3":{"start":{"line":10,"column":0},"end":{"line":22,"column":3}},"4":{"start":{"line":11,"column":1},"end":{"line":21,"column":2}},"5":{"start":{"line":12,"column":19},"end":{"line":12,"column":49}},"6":{"start":{"line":13,"column":2},"end":{"line":18,"column":3}},"7":{"start":{"line":14,"column":3},"end":{"line":14,"column":53}},"8":{"start":{"line":16,"column":3},"end":{"line":16,"column":23}},"9":{"start":{"line":17,"column":3},"end":{"line":17,"column":10}},"10":{"start":{"line":20,"column":2},"end":{"line":20,"column":39}},"11":{"start":{"line":26,"column":0},"end":{"line":39,"column":3}},"12":{"start":{"line":27,"column":1},"end":{"line":38,"column":2}},"13":{"start":{"line":28,"column":26},"end":{"line":28,"column":84}},"14":{"start":{"line":30,"column":2},"end":{"line":35,"column":3}},"15":{"start":{"line":31,"column":3},"end":{"line":31,"column":68}},"16":{"start":{"line":33,"column":3},"end":{"line":33,"column":35}},"17":{"start":{"line":34,"column":3},"end":{"line":34,"column":10}},"18":{"start":{"line":37,"column":2},"end":{"line":37,"column":39}},"19":{"start":{"line":43,"column":0},"end":{"line":61,"column":3}},"20":{"start":{"line":44,"column":1},"end":{"line":60,"column":2}},"21":{"start":{"line":45,"column":13},"end":{"line":45,"column":78}},"22":{"start":{"line":46,"column":16},"end":{"line":46,"column":87}},"23":{"start":{"line":47,"column":2},"end":{"line":49,"column":3}},"24":{"start":{"line":48,"column":3},"end":{"line":48,"column":116}},"25":{"start":{"line":50,"column":2},"end":{"line":52,"column":3}},"26":{"start":{"line":51,"column":3},"end":{"line":51,"column":116}},"27":{"start":{"line":53,"column":22},"end":{"line":53,"column":66}},"28":{"start":{"line":54,"column":2},"end":{"line":54,"column":27}},"29":{"start":{"line":55,"column":2},"end":{"line":55,"column":25}},"30":{"start":{"line":56,"column":2},"end":{"line":56,"column":28}},"31":{"start":{"line":57,"column":2},"end":{"line":57,"column":36}},"32":{"start":{"line":59,"column":2},"end":{"line":59,"column":73}},"33":{"start":{"line":65,"column":0},"end":{"line":78,"column":3}},"34":{"start":{"line":66,"column":1},"end":{"line":77,"column":2}},"35":{"start":{"line":67,"column":18},"end":{"line":67,"column":76}},"36":{"start":{"line":69,"column":2},"end":{"line":74,"column":3}},"37":{"start":{"line":70,"column":3},"end":{"line":70,"column":29}},"38":{"start":{"line":71,"column":3},"end":{"line":71,"column":49}},"39":{"start":{"line":73,"column":3},"end":{"line":73,"column":40}},"40":{"start":{"line":76,"column":2},"end":{"line":76,"column":39}},"41":{"start":{"line":82,"column":0},"end":{"line":96,"column":3}},"42":{"start":{"line":83,"column":1},"end":{"line":95,"column":2}},"43":{"start":{"line":84,"column":13},"end":{"line":84,"column":29}},"44":{"start":{"line":85,"column":17},"end":{"line":85,"column":80}},"45":{"start":{"line":87,"column":2},"end":{"line":92,"column":3}},"46":{"start":{"line":88,"column":3},"end":{"line":88,"column":29}},"47":{"start":{"line":89,"column":3},"end":{"line":89,"column":32}},"48":{"start":{"line":91,"column":3},"end":{"line":91,"column":62}},"49":{"start":{"line":94,"column":2},"end":{"line":94,"column":39}},"50":{"start":{"line":98,"column":0},"end":{"line":98,"column":24}}},"fnMap":{"0":{"name":"(anonymous_0)","decl":{"start":{"line":10,"column":65},"end":{"line":10,"column":66}},"loc":{"start":{"line":10,"column":86},"end":{"line":22,"column":1}},"line":10},"1":{"name":"(anonymous_1)","decl":{"start":{"line":26,"column":69},"end":{"line":26,"column":70}},"loc":{"start":{"line":26,"column":90},"end":{"line":39,"column":1}},"line":26},"2":{"name":"(anonymous_2)","decl":{"start":{"line":43,"column":70},"end":{"line":43,"column":71}},"loc":{"start":{"line":43,"column":85},"end":{"line":61,"column":1}},"line":43},"3":{"name":"(anonymous_3)","decl":{"start":{"line":65,"column":79},"end":{"line":65,"column":80}},"loc":{"start":{"line":65,"column":94},"end":{"line":78,"column":1}},"line":65},"4":{"name":"(anonymous_4)","decl":{"start":{"line":82,"column":69},"end":{"line":82,"column":70}},"loc":{"start":{"line":82,"column":84},"end":{"line":96,"column":1}},"line":82}},"branchMap":{"0":{"loc":{"start":{"line":13,"column":2},"end":{"line":18,"column":3}},"type":"if","locations":[{"start":{"line":13,"column":2},"end":{"line":18,"column":3}},{"start":{"line":15,"column":9},"end":{"line":18,"column":3}}],"line":13},"1":{"loc":{"start":{"line":30,"column":2},"end":{"line":35,"column":3}},"type":"if","locations":[{"start":{"line":30,"column":2},"end":{"line":35,"column":3}},{"start":{"line":32,"column":9},"end":{"line":35,"column":3}}],"line":30},"2":{"loc":{"start":{"line":47,"column":2},"end":{"line":49,"column":3}},"type":"if","locations":[{"start":{"line":47,"column":2},"end":{"line":49,"column":3}},{"start":{},"end":{}}],"line":47},"3":{"loc":{"start":{"line":50,"column":2},"end":{"line":52,"column":3}},"type":"if","locations":[{"start":{"line":50,"column":2},"end":{"line":52,"column":3}},{"start":{},"end":{}}],"line":50},"4":{"loc":{"start":{"line":69,"column":2},"end":{"line":74,"column":3}},"type":"if","locations":[{"start":{"line":69,"column":2},"end":{"line":74,"column":3}},{"start":{"line":72,"column":9},"end":{"line":74,"column":3}}],"line":69},"5":{"loc":{"start":{"line":87,"column":2},"end":{"line":92,"column":3}},"type":"if","locations":[{"start":{"line":87,"column":2},"end":{"line":92,"column":3}},{"start":{"line":90,"column":9},"end":{"line":92,"column":3}}],"line":87}},"s":{"0":9,"1":9,"2":9,"3":9,"4":1,"5":1,"6":1,"7":0,"8":1,"9":1,"10":0,"11":9,"12":2,"13":2,"14":2,"15":1,"16":1,"17":1,"18":1,"19":9,"20":3,"21":3,"22":3,"23":3,"24":1,"25":2,"26":1,"27":1,"28":1,"29":1,"30":1,"31":1,"32":2,"33":9,"34":2,"35":2,"36":2,"37":1,"38":1,"39":1,"40":1,"41":9,"42":2,"43":2,"44":2,"45":2,"46":1,"47":1,"48":1,"49":1,"50":9},"f":{"0":1,"1":2,"2":3,"3":2,"4":2},"b":{"0":[0,1],"1":[1,1],"2":[1,2],"3":[1,1],"4":[1,1],"5":[1,1]},"_coverageSchema":"1a1c01bbd47fc00a2c39e90264f33305004495a9","hash":"2ae558ef51212810e88607b5607e1a6e2f9da35c"}
,"/usr/app/routes/index.js": {"path":"/usr/app/routes/index.js","statementMap":{"0":{"start":{"line":1,"column":15},"end":{"line":1,"column":36}},"1":{"start":{"line":3,"column":15},"end":{"line":5,"column":2}},"2":{"start":{"line":7,"column":0},"end":{"line":11,"column":3}},"3":{"start":{"line":9,"column":1},"end":{"line":9,"column":33}},"4":{"start":{"line":10,"column":1},"end":{"line":10,"column":8}},"5":{"start":{"line":13,"column":0},"end":{"line":13,"column":24}}},"fnMap":{"0":{"name":"(anonymous_0)","decl":{"start":{"line":7,"column":16},"end":{"line":7,"column":17}},"loc":{"start":{"line":7,"column":31},"end":{"line":11,"column":1}},"line":7}},"branchMap":{},"s":{"0":9,"1":9,"2":9,"3":1,"4":1,"5":9},"f":{"0":1},"b":{},"_coverageSchema":"1a1c01bbd47fc00a2c39e90264f33305004495a9","hash":"0f248bd9c77eaa9daec37ffca9fe6824ca76ab70"}
,"/usr/app/routes/projects.js": {"path":"/usr/app/routes/projects.js","statementMap":{"0":{"start":{"line":1,"column":15},"end":{"line":1,"column":36}},"1":{"start":{"line":2,"column":17},"end":{"line":2,"column":40}},"2":{"start":{"line":4,"column":15},"end":{"line":6,"column":2}},"3":{"start":{"line":10,"column":0},"end":{"line":22,"column":3}},"4":{"start":{"line":11,"column":1},"end":{"line":21,"column":2}},"5":{"start":{"line":12,"column":19},"end":{"line":12,"column":49}},"6":{"start":{"line":13,"column":2},"end":{"line":18,"column":3}},"7":{"start":{"line":14,"column":3},"end":{"line":14,"column":53}},"8":{"start":{"line":16,"column":3},"end":{"line":16,"column":23}},"9":{"start":{"line":17,"column":3},"end":{"line":17,"column":10}},"10":{"start":{"line":20,"column":2},"end":{"line":20,"column":39}},"11":{"start":{"line":26,"column":0},"end":{"line":39,"column":3}},"12":{"start":{"line":27,"column":1},"end":{"line":38,"column":2}},"13":{"start":{"line":28,"column":26},"end":{"line":28,"column":84}},"14":{"start":{"line":30,"column":2},"end":{"line":35,"column":3}},"15":{"start":{"line":31,"column":3},"end":{"line":31,"column":68}},"16":{"start":{"line":33,"column":3},"end":{"line":33,"column":35}},"17":{"start":{"line":34,"column":3},"end":{"line":34,"column":10}},"18":{"start":{"line":37,"column":2},"end":{"line":37,"column":39}},"19":{"start":{"line":43,"column":0},"end":{"line":57,"column":3}},"20":{"start":{"line":44,"column":1},"end":{"line":56,"column":2}},"21":{"start":{"line":45,"column":13},"end":{"line":45,"column":78}},"22":{"start":{"line":46,"column":2},"end":{"line":48,"column":3}},"23":{"start":{"line":47,"column":3},"end":{"line":47,"column":122}},"24":{"start":{"line":49,"column":22},"end":{"line":49,"column":66}},"25":{"start":{"line":50,"column":2},"end":{"line":50,"column":27}},"26":{"start":{"line":51,"column":2},"end":{"line":51,"column":25}},"27":{"start":{"line":52,"column":2},"end":{"line":52,"column":28}},"28":{"start":{"line":53,"column":2},"end":{"line":53,"column":36}},"29":{"start":{"line":55,"column":2},"end":{"line":55,"column":69}},"30":{"start":{"line":61,"column":0},"end":{"line":73,"column":3}},"31":{"start":{"line":62,"column":1},"end":{"line":72,"column":2}},"32":{"start":{"line":63,"column":18},"end":{"line":63,"column":102}},"33":{"start":{"line":64,"column":2},"end":{"line":69,"column":3}},"34":{"start":{"line":65,"column":3},"end":{"line":65,"column":29}},"35":{"start":{"line":66,"column":3},"end":{"line":66,"column":52}},"36":{"start":{"line":68,"column":3},"end":{"line":68,"column":40}},"37":{"start":{"line":71,"column":2},"end":{"line":71,"column":39}},"38":{"start":{"line":77,"column":0},"end":{"line":92,"column":3}},"39":{"start":{"line":78,"column":1},"end":{"line":91,"column":2}},"40":{"start":{"line":79,"column":13},"end":{"line":79,"column":29}},"41":{"start":{"line":80,"column":17},"end":{"line":80,"column":80}},"42":{"start":{"line":82,"column":2},"end":{"line":88,"column":3}},"43":{"start":{"line":83,"column":3},"end":{"line":83,"column":29}},"44":{"start":{"line":84,"column":3},"end":{"line":84,"column":35}},"45":{"start":{"line":85,"column":3},"end":{"line":85,"column":19}},"46":{"start":{"line":87,"column":3},"end":{"line":87,"column":62}},"47":{"start":{"line":90,"column":2},"end":{"line":90,"column":39}},"48":{"start":{"line":94,"column":0},"end":{"line":94,"column":24}}},"fnMap":{"0":{"name":"(anonymous_0)","decl":{"start":{"line":10,"column":16},"end":{"line":10,"column":17}},"loc":{"start":{"line":10,"column":37},"end":{"line":22,"column":1}},"line":10},"1":{"name":"(anonymous_1)","decl":{"start":{"line":26,"column":19},"end":{"line":26,"column":20}},"loc":{"start":{"line":26,"column":40},"end":{"line":39,"column":1}},"line":26},"2":{"name":"(anonymous_2)","decl":{"start":{"line":43,"column":70},"end":{"line":43,"column":71}},"loc":{"start":{"line":43,"column":85},"end":{"line":57,"column":1}},"line":43},"3":{"name":"(anonymous_3)","decl":{"start":{"line":61,"column":79},"end":{"line":61,"column":80}},"loc":{"start":{"line":61,"column":94},"end":{"line":73,"column":1}},"line":61},"4":{"name":"(anonymous_4)","decl":{"start":{"line":77,"column":69},"end":{"line":77,"column":70}},"loc":{"start":{"line":77,"column":84},"end":{"line":92,"column":1}},"line":77}},"branchMap":{"0":{"loc":{"start":{"line":13,"column":2},"end":{"line":18,"column":3}},"type":"if","locations":[{"start":{"line":13,"column":2},"end":{"line":18,"column":3}},{"start":{"line":15,"column":9},"end":{"line":18,"column":3}}],"line":13},"1":{"loc":{"start":{"line":30,"column":2},"end":{"line":35,"column":3}},"type":"if","locations":[{"start":{"line":30,"column":2},"end":{"line":35,"column":3}},{"start":{"line":32,"column":9},"end":{"line":35,"column":3}}],"line":30},"2":{"loc":{"start":{"line":46,"column":2},"end":{"line":48,"column":3}},"type":"if","locations":[{"start":{"line":46,"column":2},"end":{"line":48,"column":3}},{"start":{},"end":{}}],"line":46},"3":{"loc":{"start":{"line":64,"column":2},"end":{"line":69,"column":3}},"type":"if","locations":[{"start":{"line":64,"column":2},"end":{"line":69,"column":3}},{"start":{"line":67,"column":9},"end":{"line":69,"column":3}}],"line":64},"4":{"loc":{"start":{"line":82,"column":2},"end":{"line":88,"column":3}},"type":"if","locations":[{"start":{"line":82,"column":2},"end":{"line":88,"column":3}},{"start":{"line":86,"column":9},"end":{"line":88,"column":3}}],"line":82}},"s":{"0":9,"1":9,"2":9,"3":9,"4":1,"5":1,"6":1,"7":0,"8":1,"9":1,"10":0,"11":9,"12":2,"13":2,"14":2,"15":1,"16":1,"17":1,"18":1,"19":9,"20":2,"21":2,"22":2,"23":1,"24":1,"25":1,"26":1,"27":1,"28":1,"29":1,"30":9,"31":2,"32":2,"33":2,"34":1,"35":1,"36":1,"37":1,"38":9,"39":2,"40":2,"41":2,"42":2,"43":1,"44":1,"45":1,"46":1,"47":1,"48":9},"f":{"0":1,"1":2,"2":2,"3":2,"4":2},"b":{"0":[0,1],"1":[1,1],"2":[1,1],"3":[1,1],"4":[1,1]},"_coverageSchema":"1a1c01bbd47fc00a2c39e90264f33305004495a9","hash":"97e0962f8d394232c9f75af0a8418726174a3bde"}
,"/usr/app/routes/reports.js": {"path":"/usr/app/routes/reports.js","statementMap":{"0":{"start":{"line":1,"column":15},"end":{"line":1,"column":36}},"1":{"start":{"line":2,"column":17},"end":{"line":2,"column":40}},"2":{"start":{"line":4,"column":15},"end":{"line":6,"column":2}},"3":{"start":{"line":9,"column":0},"end":{"line":21,"column":3}},"4":{"start":{"line":10,"column":1},"end":{"line":20,"column":2}},"5":{"start":{"line":11,"column":18},"end":{"line":11,"column":48}},"6":{"start":{"line":12,"column":2},"end":{"line":17,"column":3}},"7":{"start":{"line":13,"column":3},"end":{"line":13,"column":52}},"8":{"start":{"line":15,"column":3},"end":{"line":15,"column":22}},"9":{"start":{"line":16,"column":3},"end":{"line":16,"column":10}},"10":{"start":{"line":19,"column":2},"end":{"line":19,"column":39}},"11":{"start":{"line":25,"column":0},"end":{"line":38,"column":3}},"12":{"start":{"line":26,"column":1},"end":{"line":37,"column":2}},"13":{"start":{"line":27,"column":15},"end":{"line":27,"column":73}},"14":{"start":{"line":29,"column":2},"end":{"line":34,"column":3}},"15":{"start":{"line":30,"column":3},"end":{"line":30,"column":67}},"16":{"start":{"line":32,"column":3},"end":{"line":32,"column":24}},"17":{"start":{"line":33,"column":3},"end":{"line":33,"column":10}},"18":{"start":{"line":36,"column":2},"end":{"line":36,"column":39}},"19":{"start":{"line":42,"column":0},"end":{"line":58,"column":3}},"20":{"start":{"line":43,"column":1},"end":{"line":57,"column":2}},"21":{"start":{"line":44,"column":16},"end":{"line":44,"column":87}},"22":{"start":{"line":46,"column":2},"end":{"line":54,"column":3}},"23":{"start":{"line":47,"column":22},"end":{"line":47,"column":66}},"24":{"start":{"line":48,"column":3},"end":{"line":48,"column":27}},"25":{"start":{"line":49,"column":3},"end":{"line":49,"column":25}},"26":{"start":{"line":50,"column":3},"end":{"line":50,"column":29}},"27":{"start":{"line":51,"column":3},"end":{"line":51,"column":36}},"28":{"start":{"line":53,"column":3},"end":{"line":53,"column":51}},"29":{"start":{"line":56,"column":2},"end":{"line":56,"column":39}},"30":{"start":{"line":62,"column":0},"end":{"line":75,"column":3}},"31":{"start":{"line":63,"column":1},"end":{"line":74,"column":2}},"32":{"start":{"line":64,"column":18},"end":{"line":64,"column":76}},"33":{"start":{"line":66,"column":2},"end":{"line":71,"column":3}},"34":{"start":{"line":67,"column":3},"end":{"line":67,"column":29}},"35":{"start":{"line":68,"column":3},"end":{"line":68,"column":48}},"36":{"start":{"line":70,"column":3},"end":{"line":70,"column":39}},"37":{"start":{"line":73,"column":2},"end":{"line":73,"column":39}},"38":{"start":{"line":79,"column":0},"end":{"line":99,"column":3}},"39":{"start":{"line":80,"column":1},"end":{"line":98,"column":2}},"40":{"start":{"line":81,"column":13},"end":{"line":81,"column":29}},"41":{"start":{"line":82,"column":16},"end":{"line":82,"column":87}},"42":{"start":{"line":84,"column":2},"end":{"line":95,"column":3}},"43":{"start":{"line":85,"column":18},"end":{"line":85,"column":81}},"44":{"start":{"line":87,"column":3},"end":{"line":92,"column":4}},"45":{"start":{"line":88,"column":4},"end":{"line":88,"column":30}},"46":{"start":{"line":89,"column":4},"end":{"line":89,"column":32}},"47":{"start":{"line":91,"column":4},"end":{"line":91,"column":64}},"48":{"start":{"line":94,"column":3},"end":{"line":94,"column":85}},"49":{"start":{"line":97,"column":2},"end":{"line":97,"column":39}},"50":{"start":{"line":101,"column":0},"end":{"line":101,"column":24}}},"fnMap":{"0":{"name":"(anonymous_0)","decl":{"start":{"line":9,"column":66},"end":{"line":9,"column":67}},"loc":{"start":{"line":9,"column":87},"end":{"line":21,"column":1}},"line":9},"1":{"name":"(anonymous_1)","decl":{"start":{"line":25,"column":69},"end":{"line":25,"column":70}},"loc":{"start":{"line":25,"column":90},"end":{"line":38,"column":1}},"line":25},"2":{"name":"(anonymous_2)","decl":{"start":{"line":42,"column":70},"end":{"line":42,"column":71}},"loc":{"start":{"line":42,"column":85},"end":{"line":58,"column":1}},"line":42},"3":{"name":"(anonymous_3)","decl":{"start":{"line":62,"column":79},"end":{"line":62,"column":80}},"loc":{"start":{"line":62,"column":94},"end":{"line":75,"column":1}},"line":62},"4":{"name":"(anonymous_4)","decl":{"start":{"line":79,"column":69},"end":{"line":79,"column":70}},"loc":{"start":{"line":79,"column":84},"end":{"line":99,"column":1}},"line":79}},"branchMap":{"0":{"loc":{"start":{"line":12,"column":2},"end":{"line":17,"column":3}},"type":"if","locations":[{"start":{"line":12,"column":2},"end":{"line":17,"column":3}},{"start":{"line":14,"column":9},"end":{"line":17,"column":3}}],"line":12},"1":{"loc":{"start":{"line":29,"column":2},"end":{"line":34,"column":3}},"type":"if","locations":[{"start":{"line":29,"column":2},"end":{"line":34,"column":3}},{"start":{"line":31,"column":9},"end":{"line":34,"column":3}}],"line":29},"2":{"loc":{"start":{"line":46,"column":2},"end":{"line":54,"column":3}},"type":"if","locations":[{"start":{"line":46,"column":2},"end":{"line":54,"column":3}},{"start":{"line":52,"column":9},"end":{"line":54,"column":3}}],"line":46},"3":{"loc":{"start":{"line":66,"column":2},"end":{"line":71,"column":3}},"type":"if","locations":[{"start":{"line":66,"column":2},"end":{"line":71,"column":3}},{"start":{"line":69,"column":9},"end":{"line":71,"column":3}}],"line":66},"4":{"loc":{"start":{"line":84,"column":2},"end":{"line":95,"column":3}},"type":"if","locations":[{"start":{"line":84,"column":2},"end":{"line":95,"column":3}},{"start":{"line":93,"column":9},"end":{"line":95,"column":3}}],"line":84},"5":{"loc":{"start":{"line":87,"column":3},"end":{"line":92,"column":4}},"type":"if","locations":[{"start":{"line":87,"column":3},"end":{"line":92,"column":4}},{"start":{"line":90,"column":10},"end":{"line":92,"column":4}}],"line":87}},"s":{"0":9,"1":9,"2":9,"3":9,"4":1,"5":1,"6":1,"7":0,"8":1,"9":1,"10":0,"11":9,"12":2,"13":2,"14":2,"15":1,"16":1,"17":1,"18":1,"19":9,"20":2,"21":2,"22":2,"23":1,"24":1,"25":1,"26":1,"27":1,"28":1,"29":1,"30":9,"31":2,"32":2,"33":2,"34":1,"35":1,"36":1,"37":1,"38":9,"39":3,"40":3,"41":3,"42":3,"43":2,"44":2,"45":1,"46":1,"47":1,"48":1,"49":2,"50":9},"f":{"0":1,"1":2,"2":2,"3":2,"4":3},"b":{"0":[0,1],"1":[1,1],"2":[1,1],"3":[1,1],"4":[2,1],"5":[1,1]},"_coverageSchema":"1a1c01bbd47fc00a2c39e90264f33305004495a9","hash":"f63d04400999fa7a68e4255cad8255bde03ed104"}
,"/usr/app/routes/users.js": {"path":"/usr/app/routes/users.js","statementMap":{"0":{"start":{"line":1,"column":15},"end":{"line":1,"column":36}},"1":{"start":{"line":2,"column":15},"end":{"line":2,"column":34}},"2":{"start":{"line":3,"column":17},"end":{"line":3,"column":40}},"3":{"start":{"line":4,"column":12},"end":{"line":4,"column":35}},"4":{"start":{"line":7,"column":15},"end":{"line":7,"column":37}},"5":{"start":{"line":9,"column":15},"end":{"line":11,"column":2}},"6":{"start":{"line":15,"column":0},"end":{"line":27,"column":3}},"7":{"start":{"line":16,"column":1},"end":{"line":26,"column":2}},"8":{"start":{"line":17,"column":16},"end":{"line":17,"column":43}},"9":{"start":{"line":18,"column":2},"end":{"line":23,"column":3}},"10":{"start":{"line":19,"column":3},"end":{"line":19,"column":50}},"11":{"start":{"line":21,"column":3},"end":{"line":21,"column":20}},"12":{"start":{"line":22,"column":3},"end":{"line":22,"column":10}},"13":{"start":{"line":25,"column":2},"end":{"line":25,"column":39}},"14":{"start":{"line":31,"column":0},"end":{"line":43,"column":3}},"15":{"start":{"line":32,"column":1},"end":{"line":42,"column":2}},"16":{"start":{"line":33,"column":13},"end":{"line":33,"column":68}},"17":{"start":{"line":34,"column":2},"end":{"line":39,"column":3}},"18":{"start":{"line":35,"column":3},"end":{"line":35,"column":65}},"19":{"start":{"line":37,"column":3},"end":{"line":37,"column":22}},"20":{"start":{"line":38,"column":3},"end":{"line":38,"column":10}},"21":{"start":{"line":41,"column":2},"end":{"line":41,"column":39}},"22":{"start":{"line":46,"column":0},"end":{"line":64,"column":3}},"23":{"start":{"line":47,"column":1},"end":{"line":63,"column":2}},"24":{"start":{"line":48,"column":23},"end":{"line":50,"column":4}},"25":{"start":{"line":51,"column":2},"end":{"line":60,"column":3}},"26":{"start":{"line":52,"column":3},"end":{"line":52,"column":68}},"27":{"start":{"line":54,"column":3},"end":{"line":59,"column":4}},"28":{"start":{"line":55,"column":4},"end":{"line":55,"column":37}},"29":{"start":{"line":56,"column":4},"end":{"line":56,"column":11}},"30":{"start":{"line":58,"column":4},"end":{"line":58,"column":70}},"31":{"start":{"line":62,"column":2},"end":{"line":62,"column":39}},"32":{"start":{"line":68,"column":0},"end":{"line":93,"column":3}},"33":{"start":{"line":69,"column":1},"end":{"line":92,"column":2}},"34":{"start":{"line":70,"column":15},"end":{"line":70,"column":31}},"35":{"start":{"line":71,"column":18},"end":{"line":71,"column":73}},"36":{"start":{"line":73,"column":2},"end":{"line":88,"column":3}},"37":{"start":{"line":74,"column":3},"end":{"line":74,"column":29}},"38":{"start":{"line":75,"column":3},"end":{"line":75,"column":44}},"39":{"start":{"line":77,"column":16},"end":{"line":77,"column":36}},"40":{"start":{"line":78,"column":16},"end":{"line":78,"column":52}},"41":{"start":{"line":79,"column":3},"end":{"line":79,"column":24}},"42":{"start":{"line":80,"column":16},"end":{"line":80,"column":45}},"43":{"start":{"line":81,"column":3},"end":{"line":81,"column":21}},"44":{"start":{"line":83,"column":17},"end":{"line":83,"column":70}},"45":{"start":{"line":85,"column":3},"end":{"line":85,"column":21}},"46":{"start":{"line":86,"column":3},"end":{"line":86,"column":29}},"47":{"start":{"line":87,"column":3},"end":{"line":87,"column":28}},"48":{"start":{"line":90,"column":2},"end":{"line":90,"column":31}},"49":{"start":{"line":91,"column":2},"end":{"line":91,"column":47}},"50":{"start":{"line":97,"column":0},"end":{"line":119,"column":3}},"51":{"start":{"line":98,"column":14},"end":{"line":98,"column":30}},"52":{"start":{"line":99,"column":14},"end":{"line":99,"column":69}},"53":{"start":{"line":101,"column":1},"end":{"line":118,"column":2}},"54":{"start":{"line":102,"column":2},"end":{"line":102,"column":28}},"55":{"start":{"line":103,"column":2},"end":{"line":103,"column":43}},"56":{"start":{"line":105,"column":2},"end":{"line":105,"column":44}},"57":{"start":{"line":106,"column":24},"end":{"line":106,"column":72}},"58":{"start":{"line":108,"column":2},"end":{"line":117,"column":3}},"59":{"start":{"line":109,"column":3},"end":{"line":109,"column":29}},"60":{"start":{"line":110,"column":3},"end":{"line":110,"column":43}},"61":{"start":{"line":112,"column":17},"end":{"line":112,"column":70}},"62":{"start":{"line":114,"column":3},"end":{"line":114,"column":21}},"63":{"start":{"line":115,"column":3},"end":{"line":115,"column":29}},"64":{"start":{"line":116,"column":3},"end":{"line":116,"column":28}},"65":{"start":{"line":123,"column":0},"end":{"line":169,"column":3}},"66":{"start":{"line":124,"column":1},"end":{"line":168,"column":2}},"67":{"start":{"line":125,"column":12},"end":{"line":125,"column":67}},"68":{"start":{"line":126,"column":2},"end":{"line":154,"column":3}},"69":{"start":{"line":127,"column":14},"end":{"line":127,"column":74}},"70":{"start":{"line":128,"column":18},"end":{"line":128,"column":80}},"71":{"start":{"line":129,"column":18},"end":{"line":129,"column":80}},"72":{"start":{"line":131,"column":3},"end":{"line":135,"column":4}},"73":{"start":{"line":132,"column":4},"end":{"line":134,"column":7}},"74":{"start":{"line":133,"column":5},"end":{"line":133,"column":130}},"75":{"start":{"line":137,"column":3},"end":{"line":141,"column":4}},"76":{"start":{"line":138,"column":4},"end":{"line":140,"column":7}},"77":{"start":{"line":139,"column":5},"end":{"line":139,"column":104}},"78":{"start":{"line":143,"column":3},"end":{"line":151,"column":4}},"79":{"start":{"line":144,"column":18},"end":{"line":144,"column":73}},"80":{"start":{"line":145,"column":4},"end":{"line":148,"column":5}},"81":{"start":{"line":146,"column":5},"end":{"line":146,"column":31}},"82":{"start":{"line":147,"column":5},"end":{"line":147,"column":48}},"83":{"start":{"line":150,"column":4},"end":{"line":150,"column":60}},"84":{"start":{"line":153,"column":3},"end":{"line":153,"column":37}},"85":{"start":{"line":156,"column":2},"end":{"line":156,"column":39}},"86":{"start":{"line":157,"column":12},"end":{"line":157,"column":67}},"87":{"start":{"line":158,"column":2},"end":{"line":167,"column":3}},"88":{"start":{"line":159,"column":3},"end":{"line":159,"column":35}},"89":{"start":{"line":161,"column":3},"end":{"line":166,"column":4}},"90":{"start":{"line":162,"column":4},"end":{"line":162,"column":36}},"91":{"start":{"line":164,"column":4},"end":{"line":164,"column":31}},"92":{"start":{"line":165,"column":4},"end":{"line":165,"column":52}},"93":{"start":{"line":173,"column":0},"end":{"line":195,"column":3}},"94":{"start":{"line":174,"column":1},"end":{"line":194,"column":2}},"95":{"start":{"line":175,"column":13},"end":{"line":175,"column":29}},"96":{"start":{"line":177,"column":2},"end":{"line":181,"column":3}},"97":{"start":{"line":178,"column":16},"end":{"line":178,"column":36}},"98":{"start":{"line":179,"column":16},"end":{"line":179,"column":52}},"99":{"start":{"line":180,"column":3},"end":{"line":180,"column":24}},"100":{"start":{"line":183,"column":17},"end":{"line":183,"column":77}},"101":{"start":{"line":185,"column":2},"end":{"line":191,"column":3}},"102":{"start":{"line":186,"column":24},"end":{"line":186,"column":79}},"103":{"start":{"line":187,"column":3},"end":{"line":187,"column":35}},"104":{"start":{"line":188,"column":3},"end":{"line":188,"column":29}},"105":{"start":{"line":190,"column":3},"end":{"line":190,"column":62}},"106":{"start":{"line":193,"column":2},"end":{"line":193,"column":39}},"107":{"start":{"line":197,"column":0},"end":{"line":197,"column":24}}},"fnMap":{"0":{"name":"(anonymous_0)","decl":{"start":{"line":15,"column":66},"end":{"line":15,"column":67}},"loc":{"start":{"line":15,"column":87},"end":{"line":27,"column":1}},"line":15},"1":{"name":"(anonymous_1)","decl":{"start":{"line":31,"column":69},"end":{"line":31,"column":70}},"loc":{"start":{"line":31,"column":90},"end":{"line":43,"column":1}},"line":31},"2":{"name":"(anonymous_2)","decl":{"start":{"line":46,"column":78},"end":{"line":46,"column":79}},"loc":{"start":{"line":46,"column":99},"end":{"line":64,"column":1}},"line":46},"3":{"name":"(anonymous_3)","decl":{"start":{"line":68,"column":25},"end":{"line":68,"column":26}},"loc":{"start":{"line":68,"column":40},"end":{"line":93,"column":1}},"line":68},"4":{"name":"(anonymous_4)","decl":{"start":{"line":97,"column":22},"end":{"line":97,"column":23}},"loc":{"start":{"line":97,"column":37},"end":{"line":119,"column":1}},"line":97},"5":{"name":"(anonymous_5)","decl":{"start":{"line":123,"column":79},"end":{"line":123,"column":80}},"loc":{"start":{"line":123,"column":94},"end":{"line":169,"column":1}},"line":123},"6":{"name":"(anonymous_6)","decl":{"start":{"line":132,"column":17},"end":{"line":132,"column":18}},"loc":{"start":{"line":132,"column":33},"end":{"line":134,"column":5}},"line":132},"7":{"name":"(anonymous_7)","decl":{"start":{"line":138,"column":17},"end":{"line":138,"column":18}},"loc":{"start":{"line":138,"column":32},"end":{"line":140,"column":5}},"line":138},"8":{"name":"(anonymous_8)","decl":{"start":{"line":173,"column":69},"end":{"line":173,"column":70}},"loc":{"start":{"line":173,"column":84},"end":{"line":195,"column":1}},"line":173}},"branchMap":{"0":{"loc":{"start":{"line":18,"column":2},"end":{"line":23,"column":3}},"type":"if","locations":[{"start":{"line":18,"column":2},"end":{"line":23,"column":3}},{"start":{"line":20,"column":9},"end":{"line":23,"column":3}}],"line":18},"1":{"loc":{"start":{"line":34,"column":2},"end":{"line":39,"column":3}},"type":"if","locations":[{"start":{"line":34,"column":2},"end":{"line":39,"column":3}},{"start":{"line":36,"column":9},"end":{"line":39,"column":3}}],"line":34},"2":{"loc":{"start":{"line":51,"column":2},"end":{"line":60,"column":3}},"type":"if","locations":[{"start":{"line":51,"column":2},"end":{"line":60,"column":3}},{"start":{"line":53,"column":9},"end":{"line":60,"column":3}}],"line":51},"3":{"loc":{"start":{"line":54,"column":3},"end":{"line":59,"column":4}},"type":"if","locations":[{"start":{"line":54,"column":3},"end":{"line":59,"column":4}},{"start":{"line":57,"column":10},"end":{"line":59,"column":4}}],"line":54},"4":{"loc":{"start":{"line":73,"column":2},"end":{"line":88,"column":3}},"type":"if","locations":[{"start":{"line":73,"column":2},"end":{"line":88,"column":3}},{"start":{"line":76,"column":9},"end":{"line":88,"column":3}}],"line":73},"5":{"loc":{"start":{"line":101,"column":1},"end":{"line":118,"column":2}},"type":"if","locations":[{"start":{"line":101,"column":1},"end":{"line":118,"column":2}},{"start":{"line":104,"column":8},"end":{"line":118,"column":2}}],"line":101},"6":{"loc":{"start":{"line":108,"column":2},"end":{"line":117,"column":3}},"type":"if","locations":[{"start":{"line":108,"column":2},"end":{"line":117,"column":3}},{"start":{"line":111,"column":9},"end":{"line":117,"column":3}}],"line":108},"7":{"loc":{"start":{"line":126,"column":2},"end":{"line":154,"column":3}},"type":"if","locations":[{"start":{"line":126,"column":2},"end":{"line":154,"column":3}},{"start":{"line":152,"column":8},"end":{"line":154,"column":3}}],"line":126},"8":{"loc":{"start":{"line":131,"column":3},"end":{"line":135,"column":4}},"type":"if","locations":[{"start":{"line":131,"column":3},"end":{"line":135,"column":4}},{"start":{},"end":{}}],"line":131},"9":{"loc":{"start":{"line":137,"column":3},"end":{"line":141,"column":4}},"type":"if","locations":[{"start":{"line":137,"column":3},"end":{"line":141,"column":4}},{"start":{},"end":{}}],"line":137},"10":{"loc":{"start":{"line":145,"column":4},"end":{"line":148,"column":5}},"type":"if","locations":[{"start":{"line":145,"column":4},"end":{"line":148,"column":5}},{"start":{},"end":{}}],"line":145},"11":{"loc":{"start":{"line":158,"column":2},"end":{"line":167,"column":3}},"type":"if","locations":[{"start":{"line":158,"column":2},"end":{"line":167,"column":3}},{"start":{"line":160,"column":7},"end":{"line":167,"column":3}}],"line":158},"12":{"loc":{"start":{"line":161,"column":3},"end":{"line":166,"column":4}},"type":"if","locations":[{"start":{"line":161,"column":3},"end":{"line":166,"column":4}},{"start":{"line":163,"column":8},"end":{"line":166,"column":4}}],"line":161},"13":{"loc":{"start":{"line":177,"column":2},"end":{"line":181,"column":3}},"type":"if","locations":[{"start":{"line":177,"column":2},"end":{"line":181,"column":3}},{"start":{},"end":{}}],"line":177},"14":{"loc":{"start":{"line":185,"column":2},"end":{"line":191,"column":3}},"type":"if","locations":[{"start":{"line":185,"column":2},"end":{"line":191,"column":3}},{"start":{"line":189,"column":9},"end":{"line":191,"column":3}}],"line":185}},"s":{"0":9,"1":9,"2":9,"3":9,"4":9,"5":9,"6":9,"7":1,"8":1,"9":1,"10":0,"11":1,"12":1,"13":0,"14":9,"15":2,"16":2,"17":2,"18":1,"19":1,"20":1,"21":1,"22":9,"23":3,"24":3,"25":3,"26":1,"27":2,"28":1,"29":1,"30":1,"31":2,"32":9,"33":3,"34":3,"35":3,"36":2,"37":1,"38":1,"39":1,"40":1,"41":1,"42":1,"43":1,"44":1,"45":1,"46":1,"47":1,"48":1,"49":1,"50":9,"51":3,"52":3,"53":3,"54":1,"55":1,"56":2,"57":2,"58":2,"59":1,"60":1,"61":1,"62":1,"63":1,"64":1,"65":9,"66":2,"67":2,"68":2,"69":1,"70":1,"71":1,"72":1,"73":0,"74":0,"75":1,"76":0,"77":0,"78":1,"79":1,"80":1,"81":1,"82":1,"83":1,"84":1,"85":1,"86":1,"87":1,"88":0,"89":1,"90":1,"91":0,"92":0,"93":9,"94":2,"95":2,"96":2,"97":2,"98":2,"99":2,"100":2,"101":2,"102":1,"103":1,"104":1,"105":1,"106":1,"107":9},"f":{"0":1,"1":2,"2":3,"3":3,"4":3,"5":2,"6":0,"7":0,"8":2},"b":{"0":[0,1],"1":[1,1],"2":[1,2],"3":[1,1],"4":[1,1],"5":[1,2],"6":[1,1],"7":[1,1],"8":[0,1],"9":[0,1],"10":[1,0],"11":[0,1],"12":[1,0],"13":[2,0],"14":[1,1]},"_coverageSchema":"1a1c01bbd47fc00a2c39e90264f33305004495a9","hash":"d461bfe5b760cc49bc87d497bed3ca4d30286948"}
}
