TN:
SF:app.js
FN:34,(anonymous_0)
FN:36,(anonymous_1)
FN:37,(anonymous_2)
FNF:3
FNH:2
FNDA:18,(anonymous_0)
FNDA:18,(anonymous_1)
FNDA:0,(anonymous_2)
DA:4,8
DA:5,8
DA:6,8
DA:7,8
DA:8,8
DA:9,8
DA:10,8
DA:11,8
DA:12,8
DA:13,8
DA:14,8
DA:16,8
DA:17,8
DA:19,8
DA:20,8
DA:23,8
DA:26,8
DA:29,8
DA:30,8
DA:31,8
DA:33,8
DA:35,18
DA:36,18
DA:37,0
DA:41,8
DA:44,8
DA:45,8
DA:46,8
DA:47,8
DA:48,8
DA:51,8
DA:52,8
DA:53,8
DA:54,8
DA:55,8
DA:57,8
LF:36
LH:35
BRF:0
BRH:0
end_of_record
TN:
SF:config/config.js
FN:30,(anonymous_0)
FNF:1
FNH:1
FNDA:32,(anonymous_0)
DA:2,8
DA:30,8
DA:31,32
DA:32,32
DA:33,24
DA:37,8
LF:6
LH:6
BRDA:6,0,0,8
BRDA:6,0,1,8
BRDA:8,1,0,8
BRDA:8,1,1,0
BRDA:13,2,0,8
BRDA:13,2,1,0
BRDA:32,3,0,24
BRDA:32,3,1,8
BRF:8
BRH:6
end_of_record
TN:
SF:models/funding.js
FN:5,(anonymous_0)
FN:12,(anonymous_1)
FNF:2
FNH:2
FNDA:8,(anonymous_0)
FNDA:8,(anonymous_1)
DA:4,8
DA:5,8
DA:13,8
DA:16,8
DA:21,8
DA:29,8
LF:6
LH:6
BRF:0
BRH:0
end_of_record
TN:
SF:models/index.js
FN:21,(anonymous_0)
FN:24,(anonymous_1)
FN:29,(anonymous_2)
FNF:3
FNH:3
FNDA:48,(anonymous_0)
FNDA:32,(anonymous_1)
FNDA:32,(anonymous_2)
DA:4,8
DA:5,8
DA:6,8
DA:7,8
DA:8,8
DA:9,8
DA:10,8
DA:13,8
DA:14,0
DA:16,8
DA:19,8
DA:22,48
DA:25,32
DA:26,32
DA:29,8
DA:30,32
DA:31,32
DA:35,8
DA:36,8
DA:38,8
LF:20
LH:19
BRDA:8,0,0,8
BRDA:8,0,1,0
BRDA:13,1,0,0
BRDA:13,1,1,8
BRDA:22,2,0,48
BRDA:22,2,1,48
BRDA:22,2,2,40
BRDA:30,3,0,32
BRDA:30,3,1,0
BRF:9
BRH:6
end_of_record
TN:
SF:models/project.js
FN:5,(anonymous_0)
FN:13,(anonymous_1)
FNF:2
FNH:2
FNDA:8,(anonymous_0)
FNDA:8,(anonymous_1)
DA:4,8
DA:5,8
DA:15,8
DA:18,8
DA:21,8
DA:26,8
DA:72,8
LF:7
LH:7
BRF:0
BRH:0
end_of_record
TN:
SF:models/reports.js
FN:5,(anonymous_0)
FN:12,(anonymous_1)
FNF:2
FNH:2
FNDA:8,(anonymous_0)
FNDA:8,(anonymous_1)
DA:4,8
DA:5,8
DA:14,8
DA:20,8
DA:38,8
LF:5
LH:5
BRF:0
BRH:0
end_of_record
TN:
SF:models/user.js
FN:5,(anonymous_0)
FN:13,(anonymous_1)
FNF:2
FNH:2
FNDA:8,(anonymous_0)
FNDA:8,(anonymous_1)
DA:4,8
DA:5,8
DA:15,8
DA:18,8
DA:23,8
DA:56,8
LF:6
LH:6
BRF:0
BRH:0
end_of_record
TN:
SF:routes/fundings.js
FN:10,(anonymous_0)
FN:26,(anonymous_1)
FN:43,(anonymous_2)
FN:65,(anonymous_3)
FN:82,(anonymous_4)
FNF:5
FNH:5
FNDA:1,(anonymous_0)
FNDA:1,(anonymous_1)
FNDA:1,(anonymous_2)
FNDA:1,(anonymous_3)
FNDA:1,(anonymous_4)
DA:1,8
DA:2,8
DA:4,8
DA:10,8
DA:11,1
DA:12,1
DA:13,1
DA:14,0
DA:16,1
DA:17,1
DA:20,0
DA:26,8
DA:27,1
DA:28,1
DA:30,1
DA:31,0
DA:33,1
DA:34,1
DA:37,0
DA:43,8
DA:44,1
DA:45,1
DA:46,1
DA:47,1
DA:48,0
DA:50,1
DA:51,0
DA:53,1
DA:54,1
DA:55,1
DA:56,1
DA:57,1
DA:59,0
DA:65,8
DA:66,1
DA:67,1
DA:69,1
DA:70,1
DA:71,1
DA:73,0
DA:76,0
DA:82,8
DA:83,1
DA:84,1
DA:85,1
DA:87,1
DA:88,1
DA:89,1
DA:91,0
DA:94,0
DA:98,8
LF:51
LH:40
BRDA:13,0,0,0
BRDA:13,0,1,1
BRDA:30,1,0,0
BRDA:30,1,1,1
BRDA:47,2,0,0
BRDA:47,2,1,1
BRDA:50,3,0,0
BRDA:50,3,1,1
BRDA:69,4,0,1
BRDA:69,4,1,0
BRDA:87,5,0,1
BRDA:87,5,1,0
BRF:12
BRH:6
end_of_record
TN:
SF:routes/index.js
FN:7,(anonymous_0)
FNF:1
FNH:0
FNDA:0,(anonymous_0)
DA:1,8
DA:3,8
DA:7,8
DA:9,0
DA:10,0
DA:13,8
LF:6
LH:4
BRF:0
BRH:0
end_of_record
TN:
SF:routes/projects.js
FN:10,(anonymous_0)
FN:26,(anonymous_1)
FN:43,(anonymous_2)
FN:61,(anonymous_3)
FN:77,(anonymous_4)
FNF:5
FNH:5
FNDA:1,(anonymous_0)
FNDA:1,(anonymous_1)
FNDA:1,(anonymous_2)
FNDA:1,(anonymous_3)
FNDA:1,(anonymous_4)
DA:1,8
DA:2,8
DA:4,8
DA:10,8
DA:11,1
DA:12,1
DA:13,1
DA:14,0
DA:16,1
DA:17,1
DA:20,0
DA:26,8
DA:27,1
DA:28,1
DA:30,1
DA:31,0
DA:33,1
DA:34,1
DA:37,0
DA:43,8
DA:44,1
DA:45,1
DA:46,1
DA:47,0
DA:49,1
DA:50,1
DA:51,1
DA:52,1
DA:53,1
DA:55,0
DA:61,8
DA:62,1
DA:63,1
DA:64,1
DA:65,1
DA:66,1
DA:68,0
DA:71,0
DA:77,8
DA:78,1
DA:79,1
DA:80,1
DA:82,1
DA:83,1
DA:84,1
DA:85,1
DA:87,0
DA:90,0
DA:94,8
LF:49
LH:39
BRDA:13,0,0,0
BRDA:13,0,1,1
BRDA:30,1,0,0
BRDA:30,1,1,1
BRDA:46,2,0,0
BRDA:46,2,1,1
BRDA:64,3,0,1
BRDA:64,3,1,0
BRDA:82,4,0,1
BRDA:82,4,1,0
BRF:10
BRH:5
end_of_record
TN:
SF:routes/reports.js
FN:9,(anonymous_0)
FN:25,(anonymous_1)
FN:42,(anonymous_2)
FN:62,(anonymous_3)
FN:79,(anonymous_4)
FNF:5
FNH:5
FNDA:1,(anonymous_0)
FNDA:1,(anonymous_1)
FNDA:1,(anonymous_2)
FNDA:1,(anonymous_3)
FNDA:1,(anonymous_4)
DA:1,8
DA:2,8
DA:4,8
DA:9,8
DA:10,1
DA:11,1
DA:12,1
DA:13,0
DA:15,1
DA:16,1
DA:19,0
DA:25,8
DA:26,1
DA:27,1
DA:29,1
DA:30,0
DA:32,1
DA:33,1
DA:36,0
DA:42,8
DA:43,1
DA:44,1
DA:46,1
DA:47,1
DA:48,1
DA:49,1
DA:50,1
DA:51,1
DA:53,0
DA:56,0
DA:62,8
DA:63,1
DA:64,1
DA:66,1
DA:67,1
DA:68,1
DA:70,0
DA:73,0
DA:79,8
DA:80,1
DA:81,1
DA:82,1
DA:84,1
DA:85,1
DA:87,1
DA:88,1
DA:89,1
DA:91,0
DA:94,0
DA:97,0
DA:101,8
LF:51
LH:40
BRDA:12,0,0,0
BRDA:12,0,1,1
BRDA:29,1,0,0
BRDA:29,1,1,1
BRDA:46,2,0,1
BRDA:46,2,1,0
BRDA:66,3,0,1
BRDA:66,3,1,0
BRDA:84,4,0,1
BRDA:84,4,1,0
BRDA:87,5,0,1
BRDA:87,5,1,0
BRF:12
BRH:6
end_of_record
TN:
SF:routes/users.js
FN:15,(anonymous_0)
FN:31,(anonymous_1)
FN:46,(anonymous_2)
FN:68,(anonymous_3)
FN:97,(anonymous_4)
FN:123,(anonymous_5)
FN:132,(anonymous_6)
FN:138,(anonymous_7)
FN:173,(anonymous_8)
FNF:9
FNH:7
FNDA:1,(anonymous_0)
FNDA:1,(anonymous_1)
FNDA:1,(anonymous_2)
FNDA:1,(anonymous_3)
FNDA:1,(anonymous_4)
FNDA:1,(anonymous_5)
FNDA:0,(anonymous_6)
FNDA:0,(anonymous_7)
FNDA:1,(anonymous_8)
DA:1,8
DA:2,8
DA:3,8
DA:4,8
DA:7,8
DA:9,8
DA:15,8
DA:16,1
DA:17,1
DA:18,1
DA:19,0
DA:21,1
DA:22,1
DA:25,0
DA:31,8
DA:32,1
DA:33,1
DA:34,1
DA:35,0
DA:37,1
DA:38,1
DA:41,0
DA:46,8
DA:47,1
DA:48,1
DA:51,1
DA:52,0
DA:54,1
DA:55,1
DA:56,1
DA:58,0
DA:62,0
DA:68,8
DA:69,1
DA:70,1
DA:71,1
DA:73,1
DA:74,0
DA:75,0
DA:77,1
DA:78,1
DA:79,1
DA:80,1
DA:81,1
DA:83,1
DA:85,1
DA:86,1
DA:87,1
DA:90,0
DA:91,0
DA:97,8
DA:98,1
DA:99,1
DA:101,1
DA:102,0
DA:103,0
DA:105,1
DA:106,1
DA:108,1
DA:109,0
DA:110,0
DA:112,1
DA:114,1
DA:115,1
DA:116,1
DA:123,8
DA:124,1
DA:125,1
DA:126,1
DA:127,1
DA:128,1
DA:129,1
DA:131,1
DA:132,0
DA:133,0
DA:137,1
DA:138,0
DA:139,0
DA:143,1
DA:144,1
DA:145,1
DA:146,1
DA:147,1
DA:150,1
DA:153,0
DA:156,0
DA:157,0
DA:158,0
DA:159,0
DA:161,0
DA:162,0
DA:164,0
DA:165,0
DA:173,8
DA:174,1
DA:175,1
DA:177,1
DA:178,1
DA:179,1
DA:180,1
DA:183,1
DA:185,1
DA:186,1
DA:187,1
DA:188,1
DA:190,0
DA:193,0
DA:197,8
LF:108
LH:78
BRDA:18,0,0,0
BRDA:18,0,1,1
BRDA:34,1,0,0
BRDA:34,1,1,1
BRDA:51,2,0,0
BRDA:51,2,1,1
BRDA:54,3,0,1
BRDA:54,3,1,0
BRDA:73,4,0,0
BRDA:73,4,1,1
BRDA:101,5,0,0
BRDA:101,5,1,1
BRDA:108,6,0,0
BRDA:108,6,1,1
BRDA:126,7,0,1
BRDA:126,7,1,0
BRDA:131,8,0,0
BRDA:131,8,1,1
BRDA:137,9,0,0
BRDA:137,9,1,1
BRDA:145,10,0,1
BRDA:145,10,1,0
BRDA:158,11,0,0
BRDA:158,11,1,0
BRDA:161,12,0,0
BRDA:161,12,1,0
BRDA:177,13,0,1
BRDA:177,13,1,0
BRDA:185,14,0,1
BRDA:185,14,1,0
BRF:30
BRH:13
end_of_record
