TN:
SF:app.js
FN:34,(anonymous_0)
FN:36,(anonymous_1)
FN:37,(anonymous_2)
FNF:3
FNH:2
FNDA:30,(anonymous_0)
FNDA:30,(anonymous_1)
FNDA:0,(anonymous_2)
DA:4,9
DA:5,9
DA:6,9
DA:7,9
DA:8,9
DA:9,9
DA:10,9
DA:11,9
DA:12,9
DA:13,9
DA:14,9
DA:16,9
DA:17,9
DA:19,9
DA:20,9
DA:23,9
DA:26,9
DA:29,9
DA:30,9
DA:31,9
DA:33,9
DA:35,30
DA:36,30
DA:37,0
DA:41,9
DA:44,9
DA:45,9
DA:46,9
DA:47,9
DA:48,9
DA:51,9
DA:52,9
DA:53,9
DA:54,9
DA:55,9
DA:57,9
LF:36
LH:35
BRF:0
BRH:0
end_of_record
TN:
SF:config/config.js
FN:30,(anonymous_0)
FNF:1
FNH:1
FNDA:36,(anonymous_0)
DA:2,9
DA:30,9
DA:31,36
DA:32,36
DA:33,27
DA:37,9
LF:6
LH:6
BRDA:6,0,0,9
BRDA:6,0,1,9
BRDA:8,1,0,9
BRDA:8,1,1,0
BRDA:13,2,0,9
BRDA:13,2,1,0
BRDA:32,3,0,27
BRDA:32,3,1,9
BRF:8
BRH:6
end_of_record
TN:
SF:models/funding.js
FN:5,(anonymous_0)
FN:12,(anonymous_1)
FNF:2
FNH:2
FNDA:9,(anonymous_0)
FNDA:9,(anonymous_1)
DA:4,9
DA:5,9
DA:13,9
DA:16,9
DA:21,9
DA:29,9
LF:6
LH:6
BRF:0
BRH:0
end_of_record
TN:
SF:models/index.js
FN:21,(anonymous_0)
FN:24,(anonymous_1)
FN:29,(anonymous_2)
FNF:3
FNH:3
FNDA:54,(anonymous_0)
FNDA:36,(anonymous_1)
FNDA:36,(anonymous_2)
DA:4,9
DA:5,9
DA:6,9
DA:7,9
DA:8,9
DA:9,9
DA:10,9
DA:13,9
DA:14,0
DA:16,9
DA:19,9
DA:22,54
DA:25,36
DA:26,36
DA:29,9
DA:30,36
DA:31,36
DA:35,9
DA:36,9
DA:38,9
LF:20
LH:19
BRDA:8,0,0,9
BRDA:8,0,1,0
BRDA:13,1,0,0
BRDA:13,1,1,9
BRDA:22,2,0,54
BRDA:22,2,1,54
BRDA:22,2,2,45
BRDA:30,3,0,36
BRDA:30,3,1,0
BRF:9
BRH:6
end_of_record
TN:
SF:models/project.js
FN:5,(anonymous_0)
FN:13,(anonymous_1)
FNF:2
FNH:2
FNDA:9,(anonymous_0)
FNDA:9,(anonymous_1)
DA:4,9
DA:5,9
DA:15,9
DA:18,9
DA:21,9
DA:26,9
DA:72,9
LF:7
LH:7
BRF:0
BRH:0
end_of_record
TN:
SF:models/reports.js
FN:5,(anonymous_0)
FN:12,(anonymous_1)
FNF:2
FNH:2
FNDA:9,(anonymous_0)
FNDA:9,(anonymous_1)
DA:4,9
DA:5,9
DA:14,9
DA:20,9
DA:38,9
LF:5
LH:5
BRF:0
BRH:0
end_of_record
TN:
SF:models/user.js
FN:5,(anonymous_0)
FN:13,(anonymous_1)
FNF:2
FNH:2
FNDA:9,(anonymous_0)
FNDA:9,(anonymous_1)
DA:4,9
DA:5,9
DA:15,9
DA:18,9
DA:23,9
DA:56,9
LF:6
LH:6
BRF:0
BRH:0
end_of_record
TN:
SF:routes/fundings.js
FN:10,(anonymous_0)
FN:26,(anonymous_1)
FN:43,(anonymous_2)
FN:65,(anonymous_3)
FN:82,(anonymous_4)
FNF:5
FNH:5
FNDA:1,(anonymous_0)
FNDA:2,(anonymous_1)
FNDA:1,(anonymous_2)
FNDA:2,(anonymous_3)
FNDA:2,(anonymous_4)
DA:1,9
DA:2,9
DA:4,9
DA:10,9
DA:11,1
DA:12,1
DA:13,1
DA:14,0
DA:16,1
DA:17,1
DA:20,0
DA:26,9
DA:27,2
DA:28,2
DA:30,2
DA:31,1
DA:33,1
DA:34,1
DA:37,1
DA:43,9
DA:44,1
DA:45,1
DA:46,1
DA:47,1
DA:48,0
DA:50,1
DA:51,0
DA:53,1
DA:54,1
DA:55,1
DA:56,1
DA:57,1
DA:59,0
DA:65,9
DA:66,2
DA:67,2
DA:69,2
DA:70,1
DA:71,1
DA:73,1
DA:76,1
DA:82,9
DA:83,2
DA:84,2
DA:85,2
DA:87,2
DA:88,1
DA:89,1
DA:91,1
DA:94,1
DA:98,9
LF:51
LH:46
BRDA:13,0,0,0
BRDA:13,0,1,1
BRDA:30,1,0,1
BRDA:30,1,1,1
BRDA:47,2,0,0
BRDA:47,2,1,1
BRDA:50,3,0,0
BRDA:50,3,1,1
BRDA:69,4,0,1
BRDA:69,4,1,1
BRDA:87,5,0,1
BRDA:87,5,1,1
BRF:12
BRH:9
end_of_record
TN:
SF:routes/index.js
FN:7,(anonymous_0)
FNF:1
FNH:1
FNDA:1,(anonymous_0)
DA:1,9
DA:3,9
DA:7,9
DA:9,1
DA:10,1
DA:13,9
LF:6
LH:6
BRF:0
BRH:0
end_of_record
TN:
SF:routes/projects.js
FN:10,(anonymous_0)
FN:26,(anonymous_1)
FN:43,(anonymous_2)
FN:61,(anonymous_3)
FN:77,(anonymous_4)
FNF:5
FNH:5
FNDA:1,(anonymous_0)
FNDA:2,(anonymous_1)
FNDA:1,(anonymous_2)
FNDA:1,(anonymous_3)
FNDA:2,(anonymous_4)
DA:1,9
DA:2,9
DA:4,9
DA:10,9
DA:11,1
DA:12,1
DA:13,1
DA:14,0
DA:16,1
DA:17,1
DA:20,0
DA:26,9
DA:27,2
DA:28,2
DA:30,2
DA:31,1
DA:33,1
DA:34,1
DA:37,1
DA:43,9
DA:44,1
DA:45,1
DA:46,1
DA:47,0
DA:49,1
DA:50,1
DA:51,1
DA:52,1
DA:53,1
DA:55,0
DA:61,9
DA:62,1
DA:63,1
DA:64,1
DA:65,1
DA:66,1
DA:68,0
DA:71,0
DA:77,9
DA:78,2
DA:79,2
DA:80,2
DA:82,2
DA:83,1
DA:84,1
DA:85,1
DA:87,1
DA:90,1
DA:94,9
LF:49
LH:43
BRDA:13,0,0,0
BRDA:13,0,1,1
BRDA:30,1,0,1
BRDA:30,1,1,1
BRDA:46,2,0,0
BRDA:46,2,1,1
BRDA:64,3,0,1
BRDA:64,3,1,0
BRDA:82,4,0,1
BRDA:82,4,1,1
BRF:10
BRH:7
end_of_record
TN:
SF:routes/reports.js
FN:9,(anonymous_0)
FN:25,(anonymous_1)
FN:42,(anonymous_2)
FN:62,(anonymous_3)
FN:79,(anonymous_4)
FNF:5
FNH:5
FNDA:1,(anonymous_0)
FNDA:2,(anonymous_1)
FNDA:1,(anonymous_2)
FNDA:2,(anonymous_3)
FNDA:2,(anonymous_4)
DA:1,9
DA:2,9
DA:4,9
DA:9,9
DA:10,1
DA:11,1
DA:12,1
DA:13,0
DA:15,1
DA:16,1
DA:19,0
DA:25,9
DA:26,2
DA:27,2
DA:29,2
DA:30,1
DA:32,1
DA:33,1
DA:36,1
DA:42,9
DA:43,1
DA:44,1
DA:46,1
DA:47,1
DA:48,1
DA:49,1
DA:50,1
DA:51,1
DA:53,0
DA:56,0
DA:62,9
DA:63,2
DA:64,2
DA:66,2
DA:67,1
DA:68,1
DA:70,1
DA:73,1
DA:79,9
DA:80,2
DA:81,2
DA:82,2
DA:84,2
DA:85,2
DA:87,2
DA:88,1
DA:89,1
DA:91,1
DA:94,0
DA:97,1
DA:101,9
LF:51
LH:46
BRDA:12,0,0,0
BRDA:12,0,1,1
BRDA:29,1,0,1
BRDA:29,1,1,1
BRDA:46,2,0,1
BRDA:46,2,1,0
BRDA:66,3,0,1
BRDA:66,3,1,1
BRDA:84,4,0,2
BRDA:84,4,1,0
BRDA:87,5,0,1
BRDA:87,5,1,1
BRF:12
BRH:9
end_of_record
TN:
SF:routes/users.js
FN:15,(anonymous_0)
FN:31,(anonymous_1)
FN:46,(anonymous_2)
FN:68,(anonymous_3)
FN:97,(anonymous_4)
FN:123,(anonymous_5)
FN:132,(anonymous_6)
FN:138,(anonymous_7)
FN:173,(anonymous_8)
FNF:9
FNH:7
FNDA:1,(anonymous_0)
FNDA:2,(anonymous_1)
FNDA:3,(anonymous_2)
FNDA:2,(anonymous_3)
FNDA:3,(anonymous_4)
FNDA:2,(anonymous_5)
FNDA:0,(anonymous_6)
FNDA:0,(anonymous_7)
FNDA:2,(anonymous_8)
DA:1,9
DA:2,9
DA:3,9
DA:4,9
DA:7,9
DA:9,9
DA:15,9
DA:16,1
DA:17,1
DA:18,1
DA:19,0
DA:21,1
DA:22,1
DA:25,0
DA:31,9
DA:32,2
DA:33,2
DA:34,2
DA:35,1
DA:37,1
DA:38,1
DA:41,1
DA:46,9
DA:47,3
DA:48,3
DA:51,3
DA:52,1
DA:54,2
DA:55,1
DA:56,1
DA:58,1
DA:62,2
DA:68,9
DA:69,2
DA:70,2
DA:71,2
DA:73,2
DA:74,1
DA:75,1
DA:77,1
DA:78,1
DA:79,1
DA:80,1
DA:81,1
DA:83,1
DA:85,1
DA:86,1
DA:87,1
DA:90,0
DA:91,0
DA:97,9
DA:98,3
DA:99,3
DA:101,3
DA:102,1
DA:103,1
DA:105,2
DA:106,2
DA:108,2
DA:109,1
DA:110,1
DA:112,1
DA:114,1
DA:115,1
DA:116,1
DA:123,9
DA:124,2
DA:125,2
DA:126,2
DA:127,1
DA:128,1
DA:129,1
DA:131,1
DA:132,0
DA:133,0
DA:137,1
DA:138,0
DA:139,0
DA:143,1
DA:144,1
DA:145,1
DA:146,1
DA:147,1
DA:150,1
DA:153,1
DA:156,1
DA:157,1
DA:158,1
DA:159,0
DA:161,1
DA:162,1
DA:164,0
DA:165,0
DA:173,9
DA:174,2
DA:175,2
DA:177,2
DA:178,2
DA:179,2
DA:180,2
DA:183,2
DA:185,2
DA:186,1
DA:187,1
DA:188,1
DA:190,1
DA:193,1
DA:197,9
LF:108
LH:97
BRDA:18,0,0,0
BRDA:18,0,1,1
BRDA:34,1,0,1
BRDA:34,1,1,1
BRDA:51,2,0,1
BRDA:51,2,1,2
BRDA:54,3,0,1
BRDA:54,3,1,1
BRDA:73,4,0,1
BRDA:73,4,1,1
BRDA:101,5,0,1
BRDA:101,5,1,2
BRDA:108,6,0,1
BRDA:108,6,1,1
BRDA:126,7,0,1
BRDA:126,7,1,1
BRDA:131,8,0,0
BRDA:131,8,1,1
BRDA:137,9,0,0
BRDA:137,9,1,1
BRDA:145,10,0,1
BRDA:145,10,1,0
BRDA:158,11,0,0
BRDA:158,11,1,1
BRDA:161,12,0,1
BRDA:161,12,1,0
BRDA:177,13,0,2
BRDA:177,13,1,0
BRDA:185,14,0,1
BRDA:185,14,1,1
BRF:30
BRH:23
end_of_record
